Using pre-set license
Built from '2021.1/staging' branch; Version is '2021.1.7f1 (d91830b65d9b) revision 14227504'; Using compiler version '192528614'; Build Type 'Release'
OS: 'Windows 10 Home Single Language; OS build 19042.985; Version 2009; 64bit' Language: 'en' Physical Memory: 16260 MB
BatchMode: 1, IsHumanControllingUs: 0, StartBugReporterOnCrash: 0, Is64bit: 1, IsPro: 0

 COMMAND LINE ARGUMENTS:
C:\Program Files\Unity\Hub\Editor\2021.1.7f1\Editor\Unity.exe
-adb2
-batchMode
-noUpm
-name
AssetImportWorker0
-projectPath
D:/Unity/2021/4_Earth_Defend_2021/4_Earth_Defend_2021
-logFile
Logs/AssetImportWorker0.log
-srvPort
63745
Successfully changed project path to: D:/Unity/2021/4_Earth_Defend_2021/4_Earth_Defend_2021
D:/Unity/2021/4_Earth_Defend_2021/4_Earth_Defend_2021
Using Asset Import Pipeline V2.
Refreshing native plugins compatible for Editor in 147.94 ms, found 1 plugins.
Preloading 0 native plugins for Editor in 0.00 ms.
Initialize engine version: 2021.1.7f1 (d91830b65d9b)
[Subsystems] Discovering subsystems at path C:/Program Files/Unity/Hub/Editor/2021.1.7f1/Editor/Data/Resources/UnitySubsystems
[Subsystems] Discovering subsystems at path D:/Unity/2021/4_Earth_Defend_2021/4_Earth_Defend_2021/Assets
GfxDevice: creating device client; threaded=0; jobified=0
Direct3D:
    Version:  Direct3D 11.0 [level 11.1]
    Renderer: NVIDIA GeForce RTX 2060 (ID=0x1f11)
    Vendor:   NVIDIA
    VRAM:     5980 MB
    Driver:   27.21.14.6647
Initialize mono
Mono path[0] = 'C:/Program Files/Unity/Hub/Editor/2021.1.7f1/Editor/Data/Managed'
Mono path[1] = 'C:/Program Files/Unity/Hub/Editor/2021.1.7f1/Editor/Data/MonoBleedingEdge/lib/mono/unityjit'
Mono config path = 'C:/Program Files/Unity/Hub/Editor/2021.1.7f1/Editor/Data/MonoBleedingEdge/etc'
Using monoOptions --debugger-agent=transport=dt_socket,embedding=1,server=y,suspend=n,address=127.0.0.1:56524
Begin MonoManager ReloadAssembly
Registering precompiled unity dll's ...
Register platform support module: C:/Program Files/Unity/Hub/Editor/2021.1.7f1/Editor/Data/PlaybackEngines/WebGLSupport/UnityEditor.WebGL.Extensions.dll
Register platform support module: C:/Program Files/Unity/Hub/Editor/2021.1.7f1/Editor/Data/PlaybackEngines/WindowsStandaloneSupport/UnityEditor.WindowsStandalone.Extensions.dll
Registered in 0.004646 seconds.
Native extension for WindowsStandalone target not found
Native extension for WebGL target not found
Refreshing native plugins compatible for Editor in 153.65 ms, found 1 plugins.
Preloading 0 native plugins for Editor in 0.00 ms.
Mono: successfully reloaded assembly
- Completed reload, in  2.705 seconds
Platform modules already initialized, skipping
Registering precompiled user dll's ...
Registered in 0.003552 seconds.
Begin MonoManager ReloadAssembly
Symbol file LoadedFromMemory doesn't match image D:\Unity\2021\4_Earth_Defend_2021\4_Earth_Defend_2021\Library\PackageCache\com.unity.visualscripting@1.6.1\Editor\VisualScripting.Core\Dependencies\YamlDotNet\Unity.VisualScripting.YamlDotNet.dll
Symbol file LoadedFromMemory doesn't match image D:\Unity\2021\4_Earth_Defend_2021\4_Earth_Defend_2021\Library\PackageCache\com.unity.visualscripting@1.6.1\Editor\VisualScripting.Core\Dependencies\DotNetZip\Unity.VisualScripting.IonicZip.dll
Native extension for WindowsStandalone target not found
Native extension for WebGL target not found
Refreshing native plugins compatible for Editor in 0.76 ms, found 1 plugins.
Preloading 0 native plugins for Editor in 0.00 ms.
Mono: successfully reloaded assembly
- Completed reload, in  1.887 seconds
Platform modules already initialized, skipping
========================================================================
Worker process is ready to serve import requests
Launched and connected shader compiler UnityShaderCompiler.exe after 0.09 seconds
Refreshing native plugins compatible for Editor in 0.77 ms, found 1 plugins.
Preloading 0 native plugins for Editor in 0.00 ms.
Unloading 2681 Unused Serialized files (Serialized files now loaded: 0)
System memory in use before: 117.6 MB.
System memory in use after: 117.8 MB.

Unloading 14 unused Assets to reduce memory usage. Loaded Objects now: 3163.
Total: 3.938900 ms (FindLiveObjects: 0.469900 ms CreateObjectMapping: 0.302700 ms MarkObjects: 3.010700 ms  DeleteObjects: 0.153900 ms)

========================================================================
Received Import Request.
  path: Assets/New Terrain.asset
  artifactKey: Guid(7e1d7230852791f4d94d70c99a70fd6f) Importer(815301076,1909f56bfc062723c751e8b465ee728b)
Start importing Assets/New Terrain.asset using Guid(7e1d7230852791f4d94d70c99a70fd6f) Importer(815301076,1909f56bfc062723c751e8b465ee728b)  -> (artifact id: '2cff31efb53d6b370dc56325dcb7c15f') in 0.198861 seconds 
========================================================================
Received Import Request.
  Time since last request: 1.633016 seconds.
  path: Assets/StarSparrow/Prefabs
  artifactKey: Guid(6d2f5be4eb88b5941ace2c32884f90a5) Importer(815301076,1909f56bfc062723c751e8b465ee728b)
Start importing Assets/StarSparrow/Prefabs using Guid(6d2f5be4eb88b5941ace2c32884f90a5) Importer(815301076,1909f56bfc062723c751e8b465ee728b)  -> (artifact id: 'dd6705690fdda05d07dbdbe1d5237f35') in 0.009328 seconds 
========================================================================
Received Import Request.
  Time since last request: 0.053413 seconds.
  path: Assets/StarSparrow/Prefabs/StarSparrow1.prefab
  artifactKey: Guid(f805c7b2f982faf43833878e4f22ae2a) Importer(815301076,1909f56bfc062723c751e8b465ee728b)
Start importing Assets/StarSparrow/Prefabs/StarSparrow1.prefab using Guid(f805c7b2f982faf43833878e4f22ae2a) Importer(815301076,1909f56bfc062723c751e8b465ee728b)  -> (artifact id: '95204df666c5378a48f933d28d11000e') in 0.604453 seconds 
========================================================================
Received Import Request.
  Time since last request: 0.000392 seconds.
  path: Assets/StarSparrow/Prefabs/StarSparrow2.prefab
  artifactKey: Guid(dae7a3955bbf76e409d09988296acacb) Importer(815301076,1909f56bfc062723c751e8b465ee728b)
Start importing Assets/StarSparrow/Prefabs/StarSparrow2.prefab using Guid(dae7a3955bbf76e409d09988296acacb) Importer(815301076,1909f56bfc062723c751e8b465ee728b)  -> (artifact id: '04b18cf9c3aa589c55fc83af111cbef1') in 0.062544 seconds 
========================================================================
Received Import Request.
  Time since last request: 0.000386 seconds.
  path: Assets/StarSparrow/Prefabs/StarSparrow10.prefab
  artifactKey: Guid(fb80d574ec67a7c4e8ef1a14a65990f6) Importer(815301076,1909f56bfc062723c751e8b465ee728b)
Start importing Assets/StarSparrow/Prefabs/StarSparrow10.prefab using Guid(fb80d574ec67a7c4e8ef1a14a65990f6) Importer(815301076,1909f56bfc062723c751e8b465ee728b)  -> (artifact id: '478d3bbb7ae49d3785fb3ae38959c801') in 0.034781 seconds 
========================================================================
Received Import Request.
  Time since last request: 0.000344 seconds.
  path: Assets/StarSparrow/Prefabs/StarSparrow11.prefab
  artifactKey: Guid(5a073d16030e9bb4ab4bab71c3124066) Importer(815301076,1909f56bfc062723c751e8b465ee728b)
Start importing Assets/StarSparrow/Prefabs/StarSparrow11.prefab using Guid(5a073d16030e9bb4ab4bab71c3124066) Importer(815301076,1909f56bfc062723c751e8b465ee728b)  -> (artifact id: '77bef3ec16dc49ff4926fcf33287577d') in 0.035982 seconds 
========================================================================
Received Import Request.
  Time since last request: 0.000354 seconds.
  path: Assets/StarSparrow/Prefabs/StarSparrow13.prefab
  artifactKey: Guid(6647bc14b7f253f4aa7ed042ccbd8304) Importer(815301076,1909f56bfc062723c751e8b465ee728b)
Start importing Assets/StarSparrow/Prefabs/StarSparrow13.prefab using Guid(6647bc14b7f253f4aa7ed042ccbd8304) Importer(815301076,1909f56bfc062723c751e8b465ee728b)  -> (artifact id: '854ebfd7e324fd485c19911ac3c5a9e5') in 0.035008 seconds 
========================================================================
Received Import Request.
  Time since last request: 0.000331 seconds.
  path: Assets/StarSparrow/Prefabs/StarSparrow4.prefab
  artifactKey: Guid(206dc24d514cdd146a07be8e731a56e9) Importer(815301076,1909f56bfc062723c751e8b465ee728b)
Start importing Assets/StarSparrow/Prefabs/StarSparrow4.prefab using Guid(206dc24d514cdd146a07be8e731a56e9) Importer(815301076,1909f56bfc062723c751e8b465ee728b)  -> (artifact id: 'bc2693a700e42df7892965f8efb55b91') in 0.035911 seconds 
========================================================================
Received Import Request.
  Time since last request: 0.000346 seconds.
  path: Assets/StarSparrow/Prefabs/StarSparrow8.prefab
  artifactKey: Guid(12e2965e034095b40b035c26bdecd5ed) Importer(815301076,1909f56bfc062723c751e8b465ee728b)
Start importing Assets/StarSparrow/Prefabs/StarSparrow8.prefab using Guid(12e2965e034095b40b035c26bdecd5ed) Importer(815301076,1909f56bfc062723c751e8b465ee728b)  -> (artifact id: '4eb3ee4baad84439e8ceb82b75b8fba6') in 0.035483 seconds 
========================================================================
Received Import Request.
  Time since last request: 0.000332 seconds.
  path: Assets/StarSparrow/Prefabs/StarSparrow3.prefab
  artifactKey: Guid(e261f7b66a8f0fd4492d87df1eee4222) Importer(815301076,1909f56bfc062723c751e8b465ee728b)
Start importing Assets/StarSparrow/Prefabs/StarSparrow3.prefab using Guid(e261f7b66a8f0fd4492d87df1eee4222) Importer(815301076,1909f56bfc062723c751e8b465ee728b)  -> (artifact id: 'f8b53a220456a0d0747a8d61120c078c') in 0.033705 seconds 
========================================================================
Received Import Request.
  Time since last request: 0.000352 seconds.
  path: Assets/StarSparrow/Prefabs/StarSparrow5.prefab
  artifactKey: Guid(4d54efa43b03b1845b929768cf25e790) Importer(815301076,1909f56bfc062723c751e8b465ee728b)
Start importing Assets/StarSparrow/Prefabs/StarSparrow5.prefab using Guid(4d54efa43b03b1845b929768cf25e790) Importer(815301076,1909f56bfc062723c751e8b465ee728b)  -> (artifact id: '56768b0c5483a9cd84b279a10757fc9d') in 0.035806 seconds 
========================================================================
Received Import Request.
  Time since last request: 0.000386 seconds.
  path: Assets/StarSparrow/Prefabs/StarSparrow12.prefab
  artifactKey: Guid(79e4c0d1647edb24e82e40e6b4bcaa7b) Importer(815301076,1909f56bfc062723c751e8b465ee728b)
Start importing Assets/StarSparrow/Prefabs/StarSparrow12.prefab using Guid(79e4c0d1647edb24e82e40e6b4bcaa7b) Importer(815301076,1909f56bfc062723c751e8b465ee728b)  -> (artifact id: 'a7f006271cb15c9e7d850a5ce1fc871c') in 0.029999 seconds 
========================================================================
Received Import Request.
  Time since last request: 0.000381 seconds.
  path: Assets/StarSparrow/Prefabs/StarSparrow9.prefab
  artifactKey: Guid(7861019a7b8cb6f4db5310695263b29a) Importer(815301076,1909f56bfc062723c751e8b465ee728b)
Start importing Assets/StarSparrow/Prefabs/StarSparrow9.prefab using Guid(7861019a7b8cb6f4db5310695263b29a) Importer(815301076,1909f56bfc062723c751e8b465ee728b)  -> (artifact id: '36c4ce9222fae0234af69bf31a4cda9a') in 0.031510 seconds 
========================================================================
Received Import Request.
  Time since last request: 0.000378 seconds.
  path: Assets/StarSparrow/Prefabs/StarSparrow6.prefab
  artifactKey: Guid(33942a27e06a55e498652847d7d15f99) Importer(815301076,1909f56bfc062723c751e8b465ee728b)
Start importing Assets/StarSparrow/Prefabs/StarSparrow6.prefab using Guid(33942a27e06a55e498652847d7d15f99) Importer(815301076,1909f56bfc062723c751e8b465ee728b)  -> (artifact id: '667ec1fa0286c32b36368651a352e9c7') in 0.033333 seconds 
========================================================================
Received Import Request.
  Time since last request: 0.000336 seconds.
  path: Assets/StarSparrow/Prefabs/StarSparrow7.prefab
  artifactKey: Guid(c79905ec17c169a49b75177b6cf0d524) Importer(815301076,1909f56bfc062723c751e8b465ee728b)
Start importing Assets/StarSparrow/Prefabs/StarSparrow7.prefab using Guid(c79905ec17c169a49b75177b6cf0d524) Importer(815301076,1909f56bfc062723c751e8b465ee728b)  -> (artifact id: '1452f919644bd7cfc7a4345cd0a6c3fc') in 0.032581 seconds 
========================================================================
Received Prepare
Registering precompiled user dll's ...
Registered in 0.003477 seconds.
Begin MonoManager ReloadAssembly
Symbol file LoadedFromMemory doesn't match image D:\Unity\2021\4_Earth_Defend_2021\4_Earth_Defend_2021\Library\PackageCache\com.unity.visualscripting@1.6.1\Editor\VisualScripting.Core\Dependencies\YamlDotNet\Unity.VisualScripting.YamlDotNet.dll
Symbol file LoadedFromMemory doesn't match image D:\Unity\2021\4_Earth_Defend_2021\4_Earth_Defend_2021\Library\PackageCache\com.unity.visualscripting@1.6.1\Editor\VisualScripting.Core\Dependencies\DotNetZip\Unity.VisualScripting.IonicZip.dll
Native extension for WindowsStandalone target not found
Native extension for WebGL target not found
Refreshing native plugins compatible for Editor in 1.00 ms, found 1 plugins.
Preloading 0 native plugins for Editor in 0.00 ms.
Mono: successfully reloaded assembly
- Completed reload, in  2.189 seconds
Platform modules already initialized, skipping
Refreshing native plugins compatible for Editor in 0.87 ms, found 1 plugins.
Preloading 0 native plugins for Editor in 0.00 ms.
Unloading 2673 Unused Serialized files (Serialized files now loaded: 0)
System memory in use before: 124.5 MB.
System memory in use after: 124.7 MB.

Unloading 9 unused Assets to reduce memory usage. Loaded Objects now: 3204.
Total: 5.348200 ms (FindLiveObjects: 0.566400 ms CreateObjectMapping: 0.698600 ms MarkObjects: 3.941700 ms  DeleteObjects: 0.138300 ms)

========================================================================
Received Import Request.
  Time since last request: 477.697390 seconds.
  path: Assets/StarSparrow/Textures/StarSparrow_Black.png
  artifactKey: Guid(206a5b1f7176ecd4691948148171fb16) Importer(815301076,1909f56bfc062723c751e8b465ee728b)
Start importing Assets/StarSparrow/Textures/StarSparrow_Black.png using Guid(206a5b1f7176ecd4691948148171fb16) Importer(815301076,1909f56bfc062723c751e8b465ee728b)  -> (artifact id: '67909ef36d268208afc2a72abbeeb921') in 0.096767 seconds 
========================================================================
Received Import Request.
  Time since last request: 0.000415 seconds.
  path: Assets/StarSparrow/Textures/StarSparrow_Blue.png
  artifactKey: Guid(bd49ecf71cc6e324389e685df404d0c4) Importer(815301076,1909f56bfc062723c751e8b465ee728b)
Start importing Assets/StarSparrow/Textures/StarSparrow_Blue.png using Guid(bd49ecf71cc6e324389e685df404d0c4) Importer(815301076,1909f56bfc062723c751e8b465ee728b)  -> (artifact id: '5a54e42e9129bd884b3b89cabaee8f19') in 0.022417 seconds 
========================================================================
Received Import Request.
  Time since last request: 0.000423 seconds.
  path: Assets/StarSparrow/Textures/StarSparrow_Green.png
  artifactKey: Guid(fc5d6b93f70eb2e499b45d16532253da) Importer(815301076,1909f56bfc062723c751e8b465ee728b)
Start importing Assets/StarSparrow/Textures/StarSparrow_Green.png using Guid(fc5d6b93f70eb2e499b45d16532253da) Importer(815301076,1909f56bfc062723c751e8b465ee728b)  -> (artifact id: '5d1982a9a25f46091d7da7981dcb2946') in 0.026422 seconds 
========================================================================
Received Import Request.
  Time since last request: 0.000672 seconds.
  path: Assets/StarSparrow/Textures/StarSparrow_Red.png
  artifactKey: Guid(be4db88e44ff4b946baa4d79aaa5b8f0) Importer(815301076,1909f56bfc062723c751e8b465ee728b)
Start importing Assets/StarSparrow/Textures/StarSparrow_Red.png using Guid(be4db88e44ff4b946baa4d79aaa5b8f0) Importer(815301076,1909f56bfc062723c751e8b465ee728b)  -> (artifact id: '04661c46604c3bea98e47c199ed18f17') in 0.023002 seconds 
========================================================================
Received Import Request.
  Time since last request: 0.000423 seconds.
  path: Assets/StarSparrow/Textures/StarSparrow_Cyan.png
  artifactKey: Guid(3928818884a3a9c41a8d469459870822) Importer(815301076,1909f56bfc062723c751e8b465ee728b)
Start importing Assets/StarSparrow/Textures/StarSparrow_Cyan.png using Guid(3928818884a3a9c41a8d469459870822) Importer(815301076,1909f56bfc062723c751e8b465ee728b)  -> (artifact id: 'a6e886c52168000923548102df708070') in 0.019034 seconds 
========================================================================
Received Import Request.
  Time since last request: 0.000406 seconds.
  path: Assets/StarSparrow/Textures/StarSparrow_Normal.png
  artifactKey: Guid(bad3d999b886d0f459b9f69e2625c78a) Importer(815301076,1909f56bfc062723c751e8b465ee728b)
Start importing Assets/StarSparrow/Textures/StarSparrow_Normal.png using Guid(bad3d999b886d0f459b9f69e2625c78a) Importer(815301076,1909f56bfc062723c751e8b465ee728b)  -> (artifact id: '4c23c650841f7e923537256642d73ff5') in 0.036789 seconds 
========================================================================
Received Import Request.
  Time since last request: 0.000363 seconds.
  path: Assets/StarSparrow/Textures/StarSparrow_Yellow.png
  artifactKey: Guid(ca4edc86c640b514c83fdd5a9c439dda) Importer(815301076,1909f56bfc062723c751e8b465ee728b)
Start importing Assets/StarSparrow/Textures/StarSparrow_Yellow.png using Guid(ca4edc86c640b514c83fdd5a9c439dda) Importer(815301076,1909f56bfc062723c751e8b465ee728b)  -> (artifact id: '40077684012151c8837051a3bc6261f2') in 0.022230 seconds 
========================================================================
Received Import Request.
  Time since last request: 0.000405 seconds.
  path: Assets/StarSparrow/Textures/StarSparrow_Purple.png
  artifactKey: Guid(361fadba69112f748af23a660a3933fe) Importer(815301076,1909f56bfc062723c751e8b465ee728b)
Start importing Assets/StarSparrow/Textures/StarSparrow_Purple.png using Guid(361fadba69112f748af23a660a3933fe) Importer(815301076,1909f56bfc062723c751e8b465ee728b)  -> (artifact id: 'ad6c2e7e914f90431d2c643ce1a50000') in 0.033433 seconds 
========================================================================
Received Import Request.
  Time since last request: 0.000390 seconds.
  path: Assets/StarSparrow/Textures/StarSparrow_Orange.png
  artifactKey: Guid(9910943c18579a249a5a2984fdb3f3ae) Importer(815301076,1909f56bfc062723c751e8b465ee728b)
Start importing Assets/StarSparrow/Textures/StarSparrow_Orange.png using Guid(9910943c18579a249a5a2984fdb3f3ae) Importer(815301076,1909f56bfc062723c751e8b465ee728b)  -> (artifact id: '96f98a6d0b8fce0eeb7ff7a447ff0ae7') in 0.019213 seconds 
========================================================================
Received Import Request.
  Time since last request: 0.000418 seconds.
  path: Assets/StarSparrow/Textures/StarSparrow_Emission.png
  artifactKey: Guid(0ea55465fb4815647b0a69be0db82d20) Importer(815301076,1909f56bfc062723c751e8b465ee728b)
Start importing Assets/StarSparrow/Textures/StarSparrow_Emission.png using Guid(0ea55465fb4815647b0a69be0db82d20) Importer(815301076,1909f56bfc062723c751e8b465ee728b)  -> (artifact id: '743dbae4772775d36c9b3b861bf4e47b') in 0.018013 seconds 
========================================================================
Received Import Request.
  Time since last request: 0.000394 seconds.
  path: Assets/StarSparrow/Textures/StarSparrow_MetallicSmoothness.png
  artifactKey: Guid(26ef18b8554244e468494868dd6fead7) Importer(815301076,1909f56bfc062723c751e8b465ee728b)
Start importing Assets/StarSparrow/Textures/StarSparrow_MetallicSmoothness.png using Guid(26ef18b8554244e468494868dd6fead7) Importer(815301076,1909f56bfc062723c751e8b465ee728b)  -> (artifact id: '275a76961bf4ee452c79773eea704773') in 0.023628 seconds 
========================================================================
Received Import Request.
  Time since last request: 1.751903 seconds.
  path: Assets/StarSparrow/Readme/ReadmeStarSparrow.asset
  artifactKey: Guid(831b6df9656715346bac250feaa321a7) Importer(815301076,1909f56bfc062723c751e8b465ee728b)
Start importing Assets/StarSparrow/Readme/ReadmeStarSparrow.asset using Guid(831b6df9656715346bac250feaa321a7) Importer(815301076,1909f56bfc062723c751e8b465ee728b)  -> (artifact id: 'f7b8c9636cd27ac1437629ceaa1334b2') in 0.011372 seconds 
========================================================================
Received Import Request.
  Time since last request: 0.391630 seconds.
  path: Assets/StarSparrow/Materials/StarSparrow Black.mat
  artifactKey: Guid(020568ce6bb9b3245a24630d5282ca24) Importer(815301076,1909f56bfc062723c751e8b465ee728b)
Start importing Assets/StarSparrow/Materials/StarSparrow Black.mat using Guid(020568ce6bb9b3245a24630d5282ca24) Importer(815301076,1909f56bfc062723c751e8b465ee728b)  -> (artifact id: 'd2cfcdd7ecac88eb699ff052b9eb30c9') in 0.145238 seconds 
========================================================================
Received Import Request.
  Time since last request: 0.000358 seconds.
  path: Assets/StarSparrow/Materials/StarSparrow Blue.mat
  artifactKey: Guid(ca28c97d23f98024fb31e22662eb58e7) Importer(815301076,1909f56bfc062723c751e8b465ee728b)
Start importing Assets/StarSparrow/Materials/StarSparrow Blue.mat using Guid(ca28c97d23f98024fb31e22662eb58e7) Importer(815301076,1909f56bfc062723c751e8b465ee728b)  -> (artifact id: 'c6a2505ba1016cfadd378af9745122d7') in 0.033153 seconds 
========================================================================
Received Import Request.
  Time since last request: 0.000438 seconds.
  path: Assets/StarSparrow/Materials/StarSparrow Purple.mat
  artifactKey: Guid(b172b3eb38b7df64eb5c8a08420eea34) Importer(815301076,1909f56bfc062723c751e8b465ee728b)
Start importing Assets/StarSparrow/Materials/StarSparrow Purple.mat using Guid(b172b3eb38b7df64eb5c8a08420eea34) Importer(815301076,1909f56bfc062723c751e8b465ee728b)  -> (artifact id: 'ef5337dfb7ca7e2852377af80fea2edc') in 0.032984 seconds 
========================================================================
Received Import Request.
  Time since last request: 0.000411 seconds.
  path: Assets/StarSparrow/Materials/StarSparrow Orange.mat
  artifactKey: Guid(8b52c4a2cbd2a8248b7c6e782e73497e) Importer(815301076,1909f56bfc062723c751e8b465ee728b)
Start importing Assets/StarSparrow/Materials/StarSparrow Orange.mat using Guid(8b52c4a2cbd2a8248b7c6e782e73497e) Importer(815301076,1909f56bfc062723c751e8b465ee728b)  -> (artifact id: '5c69575b04ee6eee26fd259af1a53ea1') in 0.036451 seconds 
========================================================================
Received Import Request.
  Time since last request: 0.000370 seconds.
  path: Assets/StarSparrow/Materials/StarSparrow Yellow.mat
  artifactKey: Guid(5953a6e817e87be4195c31da8fdce334) Importer(815301076,1909f56bfc062723c751e8b465ee728b)
Start importing Assets/StarSparrow/Materials/StarSparrow Yellow.mat using Guid(5953a6e817e87be4195c31da8fdce334) Importer(815301076,1909f56bfc062723c751e8b465ee728b)  -> (artifact id: 'a6b0386329ecff9c3ee071a134dffd7f') in 0.037847 seconds 
========================================================================
Received Import Request.
  Time since last request: 0.000448 seconds.
  path: Assets/StarSparrow/Materials/StarSparrow Cyan.mat
  artifactKey: Guid(d58bf68b17f9a4240aaeb5c200c9a12c) Importer(815301076,1909f56bfc062723c751e8b465ee728b)
Start importing Assets/StarSparrow/Materials/StarSparrow Cyan.mat using Guid(d58bf68b17f9a4240aaeb5c200c9a12c) Importer(815301076,1909f56bfc062723c751e8b465ee728b)  -> (artifact id: 'b28f202dce9226d24950e2662cd86ee1') in 0.035114 seconds 
========================================================================
Received Import Request.
  Time since last request: 0.000412 seconds.
  path: Assets/StarSparrow/Materials/StarSparrow Red.mat
  artifactKey: Guid(3574d5733ac60b941b175932e0a1aa2e) Importer(815301076,1909f56bfc062723c751e8b465ee728b)
Start importing Assets/StarSparrow/Materials/StarSparrow Red.mat using Guid(3574d5733ac60b941b175932e0a1aa2e) Importer(815301076,1909f56bfc062723c751e8b465ee728b)  -> (artifact id: '4dab9e764ba0fcdd42e52e4518270fdb') in 0.033866 seconds 
========================================================================
Received Import Request.
  Time since last request: 0.000447 seconds.
  path: Assets/StarSparrow/Materials/StarSparrow Green.mat
  artifactKey: Guid(6a0ff067fa651004b8447b29a0092251) Importer(815301076,1909f56bfc062723c751e8b465ee728b)
Start importing Assets/StarSparrow/Materials/StarSparrow Green.mat using Guid(6a0ff067fa651004b8447b29a0092251) Importer(815301076,1909f56bfc062723c751e8b465ee728b)  -> (artifact id: '482e22455876f9d29d42015b7bcb8ba7') in 0.033613 seconds 
========================================================================
Received Import Request.
  Time since last request: 28.821171 seconds.
  path: Assets/New Terrain.asset
  artifactKey: Guid(7e1d7230852791f4d94d70c99a70fd6f) Importer(815301076,1909f56bfc062723c751e8b465ee728b)
Start importing Assets/New Terrain.asset using Guid(7e1d7230852791f4d94d70c99a70fd6f) Importer(815301076,1909f56bfc062723c751e8b465ee728b)  -> (artifact id: '1b9c1bb1eefa00a4887b007ece83fb89') in 0.049537 seconds 
========================================================================
Received Import Request.
  Time since last request: 9.011121 seconds.
  path: Assets/Prefabs
  artifactKey: Guid(77f80708014360d479d60d39049383aa) Importer(815301076,1909f56bfc062723c751e8b465ee728b)
Start importing Assets/Prefabs using Guid(77f80708014360d479d60d39049383aa) Importer(815301076,1909f56bfc062723c751e8b465ee728b)  -> (artifact id: '21d9bec5f8e25299b3d7ccb8e0969711') in 0.010365 seconds 
========================================================================
Received Import Request.
  Time since last request: 12.119428 seconds.
  path: Assets/Prefabs/StarSparrow1.prefab
  artifactKey: Guid(1b913c852e495fe41ada20e8ea273597) Importer(815301076,1909f56bfc062723c751e8b465ee728b)
Start importing Assets/Prefabs/StarSparrow1.prefab using Guid(1b913c852e495fe41ada20e8ea273597) Importer(815301076,1909f56bfc062723c751e8b465ee728b)  -> (artifact id: '61d786a3e1e27364d0e176c438eeb900') in 0.051000 seconds 
========================================================================
Received Import Request.
  Time since last request: 1164.893476 seconds.
  path: Assets/PlayerContols.cs
  artifactKey: Guid(c866641dad3ecd943b0cf114ffd466d4) Importer(815301076,1909f56bfc062723c751e8b465ee728b)
Start importing Assets/PlayerContols.cs using Guid(c866641dad3ecd943b0cf114ffd466d4) Importer(815301076,1909f56bfc062723c751e8b465ee728b)  -> (artifact id: 'e2bb10b480e1d73b2f4628a6964af172') in 0.033718 seconds 
========================================================================
Received Import Request.
  Time since last request: 5.440949 seconds.
  path: Assets/Scripts
  artifactKey: Guid(fdf32a4913711bc45ada0a4bd038dc52) Importer(815301076,1909f56bfc062723c751e8b465ee728b)
Start importing Assets/Scripts using Guid(fdf32a4913711bc45ada0a4bd038dc52) Importer(815301076,1909f56bfc062723c751e8b465ee728b)  -> (artifact id: '24935f3ffdebe4be2cb52b222203418e') in 0.011588 seconds 
========================================================================
Received Prepare
Registering precompiled user dll's ...
Registered in 0.003402 seconds.
Begin MonoManager ReloadAssembly
Symbol file LoadedFromMemory doesn't match image D:\Unity\2021\4_Earth_Defend_2021\4_Earth_Defend_2021\Library\PackageCache\com.unity.visualscripting@1.6.1\Editor\VisualScripting.Core\Dependencies\YamlDotNet\Unity.VisualScripting.YamlDotNet.dll
Symbol file LoadedFromMemory doesn't match image D:\Unity\2021\4_Earth_Defend_2021\4_Earth_Defend_2021\Library\PackageCache\com.unity.visualscripting@1.6.1\Editor\VisualScripting.Core\Dependencies\DotNetZip\Unity.VisualScripting.IonicZip.dll
Native extension for WindowsStandalone target not found
Native extension for WebGL target not found
Refreshing native plugins compatible for Editor in 0.79 ms, found 1 plugins.
Preloading 0 native plugins for Editor in 0.00 ms.
Mono: successfully reloaded assembly
- Completed reload, in  1.859 seconds
Platform modules already initialized, skipping
Refreshing native plugins compatible for Editor in 0.88 ms, found 1 plugins.
Preloading 0 native plugins for Editor in 0.00 ms.
Unloading 2685 Unused Serialized files (Serialized files now loaded: 0)
System memory in use before: 168.0 MB.
System memory in use after: 168.2 MB.

Unloading 9 unused Assets to reduce memory usage. Loaded Objects now: 3439.
Total: 3.635700 ms (FindLiveObjects: 0.376400 ms CreateObjectMapping: 0.244400 ms MarkObjects: 2.906300 ms  DeleteObjects: 0.107200 ms)

========================================================================
Received Prepare
Registering precompiled user dll's ...
Registered in 0.003620 seconds.
Begin MonoManager ReloadAssembly
Symbol file LoadedFromMemory doesn't match image D:\Unity\2021\4_Earth_Defend_2021\4_Earth_Defend_2021\Library\PackageCache\com.unity.visualscripting@1.6.1\Editor\VisualScripting.Core\Dependencies\YamlDotNet\Unity.VisualScripting.YamlDotNet.dll
Symbol file LoadedFromMemory doesn't match image D:\Unity\2021\4_Earth_Defend_2021\4_Earth_Defend_2021\Library\PackageCache\com.unity.visualscripting@1.6.1\Editor\VisualScripting.Core\Dependencies\DotNetZip\Unity.VisualScripting.IonicZip.dll
Native extension for WindowsStandalone target not found
Native extension for WebGL target not found
Refreshing native plugins compatible for Editor in 0.82 ms, found 1 plugins.
Preloading 0 native plugins for Editor in 0.00 ms.
Mono: successfully reloaded assembly
- Completed reload, in  1.766 seconds
Platform modules already initialized, skipping
Refreshing native plugins compatible for Editor in 1.70 ms, found 1 plugins.
Preloading 0 native plugins for Editor in 0.00 ms.
Unloading 2673 Unused Serialized files (Serialized files now loaded: 0)
System memory in use before: 167.7 MB.
System memory in use after: 167.9 MB.

Unloading 9 unused Assets to reduce memory usage. Loaded Objects now: 3442.
Total: 6.272400 ms (FindLiveObjects: 0.819500 ms CreateObjectMapping: 0.746200 ms MarkObjects: 4.203500 ms  DeleteObjects: 0.500900 ms)

========================================================================
Received Prepare
Registering precompiled user dll's ...
Registered in 0.003540 seconds.
Begin MonoManager ReloadAssembly
Symbol file LoadedFromMemory doesn't match image D:\Unity\2021\4_Earth_Defend_2021\4_Earth_Defend_2021\Library\PackageCache\com.unity.visualscripting@1.6.1\Editor\VisualScripting.Core\Dependencies\YamlDotNet\Unity.VisualScripting.YamlDotNet.dll
Symbol file LoadedFromMemory doesn't match image D:\Unity\2021\4_Earth_Defend_2021\4_Earth_Defend_2021\Library\PackageCache\com.unity.visualscripting@1.6.1\Editor\VisualScripting.Core\Dependencies\DotNetZip\Unity.VisualScripting.IonicZip.dll
Native extension for WindowsStandalone target not found
Native extension for WebGL target not found
Refreshing native plugins compatible for Editor in 0.80 ms, found 1 plugins.
Preloading 0 native plugins for Editor in 0.00 ms.
Mono: successfully reloaded assembly
- Completed reload, in  1.726 seconds
Platform modules already initialized, skipping
Refreshing native plugins compatible for Editor in 1.10 ms, found 1 plugins.
Preloading 0 native plugins for Editor in 0.00 ms.
Unloading 2673 Unused Serialized files (Serialized files now loaded: 0)
System memory in use before: 167.7 MB.
System memory in use after: 167.9 MB.

Unloading 9 unused Assets to reduce memory usage. Loaded Objects now: 3445.
Total: 3.883500 ms (FindLiveObjects: 0.486200 ms CreateObjectMapping: 0.279000 ms MarkObjects: 3.007900 ms  DeleteObjects: 0.108900 ms)

========================================================================
Received Import Request.
  Time since last request: 519.542850 seconds.
  path: Assets/Scripts/PlayerContols.cs
  artifactKey: Guid(c866641dad3ecd943b0cf114ffd466d4) Importer(815301076,1909f56bfc062723c751e8b465ee728b)
Start importing Assets/Scripts/PlayerContols.cs using Guid(c866641dad3ecd943b0cf114ffd466d4) Importer(815301076,1909f56bfc062723c751e8b465ee728b)  -> (artifact id: '6abf81b53a1c64a3c468edead8a292d2') in 0.006960 seconds 
========================================================================
Received Prepare
Registering precompiled user dll's ...
Registered in 0.004121 seconds.
Begin MonoManager ReloadAssembly
Symbol file LoadedFromMemory doesn't match image D:\Unity\2021\4_Earth_Defend_2021\4_Earth_Defend_2021\Library\PackageCache\com.unity.visualscripting@1.6.1\Editor\VisualScripting.Core\Dependencies\YamlDotNet\Unity.VisualScripting.YamlDotNet.dll
Symbol file LoadedFromMemory doesn't match image D:\Unity\2021\4_Earth_Defend_2021\4_Earth_Defend_2021\Library\PackageCache\com.unity.visualscripting@1.6.1\Editor\VisualScripting.Core\Dependencies\DotNetZip\Unity.VisualScripting.IonicZip.dll
Native extension for WindowsStandalone target not found
Native extension for WebGL target not found
Refreshing native plugins compatible for Editor in 2.48 ms, found 1 plugins.
Preloading 0 native plugins for Editor in 0.00 ms.
Mono: successfully reloaded assembly
- Completed reload, in  2.409 seconds
Platform modules already initialized, skipping
Refreshing native plugins compatible for Editor in 0.89 ms, found 1 plugins.
Preloading 0 native plugins for Editor in 0.00 ms.
Unloading 2673 Unused Serialized files (Serialized files now loaded: 0)
System memory in use before: 167.7 MB.
System memory in use after: 167.9 MB.

Unloading 9 unused Assets to reduce memory usage. Loaded Objects now: 3448.
Total: 6.315600 ms (FindLiveObjects: 0.609000 ms CreateObjectMapping: 0.325300 ms MarkObjects: 5.228900 ms  DeleteObjects: 0.149900 ms)

========================================================================
Received Prepare
Registering precompiled user dll's ...
Registered in 0.005582 seconds.
Begin MonoManager ReloadAssembly
Symbol file LoadedFromMemory doesn't match image D:\Unity\2021\4_Earth_Defend_2021\4_Earth_Defend_2021\Library\PackageCache\com.unity.visualscripting@1.6.1\Editor\VisualScripting.Core\Dependencies\YamlDotNet\Unity.VisualScripting.YamlDotNet.dll
Symbol file LoadedFromMemory doesn't match image D:\Unity\2021\4_Earth_Defend_2021\4_Earth_Defend_2021\Library\PackageCache\com.unity.visualscripting@1.6.1\Editor\VisualScripting.Core\Dependencies\DotNetZip\Unity.VisualScripting.IonicZip.dll
Native extension for WindowsStandalone target not found
Native extension for WebGL target not found
Refreshing native plugins compatible for Editor in 1.12 ms, found 1 plugins.
Preloading 0 native plugins for Editor in 0.00 ms.
Mono: successfully reloaded assembly
- Completed reload, in  3.393 seconds
Platform modules already initialized, skipping
Refreshing native plugins compatible for Editor in 1.63 ms, found 1 plugins.
Preloading 0 native plugins for Editor in 0.00 ms.
Unloading 2673 Unused Serialized files (Serialized files now loaded: 0)
System memory in use before: 167.7 MB.
System memory in use after: 167.9 MB.

Unloading 9 unused Assets to reduce memory usage. Loaded Objects now: 3451.
Total: 7.182400 ms (FindLiveObjects: 0.846600 ms CreateObjectMapping: 0.395000 ms MarkObjects: 5.725500 ms  DeleteObjects: 0.212100 ms)

========================================================================
Received Import Request.
  Time since last request: 2429.378892 seconds.
  path: Assets/AssetPacks
  artifactKey: Guid(32f65e735c84a2640b86704dce07606e) Importer(815301076,1909f56bfc062723c751e8b465ee728b)
Start importing Assets/AssetPacks using Guid(32f65e735c84a2640b86704dce07606e) Importer(815301076,1909f56bfc062723c751e8b465ee728b)  -> (artifact id: 'f682932fe6751374210185f5eeb2cc13') in 0.025552 seconds 
========================================================================
Received Import Request.
  Time since last request: 3.806887 seconds.
  path: Assets/Standard Assets
  artifactKey: Guid(c6195a43a0187a34e9c6be23520d3766) Importer(815301076,1909f56bfc062723c751e8b465ee728b)
Start importing Assets/Standard Assets using Guid(c6195a43a0187a34e9c6be23520d3766) Importer(815301076,1909f56bfc062723c751e8b465ee728b)  -> (artifact id: '3dde5de66680e5b3784f3a17ea7ab6c4') in 0.010873 seconds 
========================================================================
Received Prepare
Registering precompiled user dll's ...
Registered in 0.005204 seconds.
Begin MonoManager ReloadAssembly
Symbol file LoadedFromMemory doesn't match image D:\Unity\2021\4_Earth_Defend_2021\4_Earth_Defend_2021\Library\PackageCache\com.unity.visualscripting@1.6.1\Editor\VisualScripting.Core\Dependencies\YamlDotNet\Unity.VisualScripting.YamlDotNet.dll
Symbol file LoadedFromMemory doesn't match image D:\Unity\2021\4_Earth_Defend_2021\4_Earth_Defend_2021\Library\PackageCache\com.unity.visualscripting@1.6.1\Editor\VisualScripting.Core\Dependencies\DotNetZip\Unity.VisualScripting.IonicZip.dll
Native extension for WindowsStandalone target not found
Native extension for WebGL target not found
Refreshing native plugins compatible for Editor in 0.80 ms, found 1 plugins.
Preloading 0 native plugins for Editor in 0.00 ms.
Mono: successfully reloaded assembly
- Completed reload, in  2.573 seconds
Platform modules already initialized, skipping
Refreshing native plugins compatible for Editor in 1.16 ms, found 1 plugins.
Preloading 0 native plugins for Editor in 0.00 ms.
Unloading 2673 Unused Serialized files (Serialized files now loaded: 0)
System memory in use before: 167.7 MB.
System memory in use after: 167.9 MB.

Unloading 9 unused Assets to reduce memory usage. Loaded Objects now: 3454.
Total: 8.708300 ms (FindLiveObjects: 0.713700 ms CreateObjectMapping: 0.457400 ms MarkObjects: 7.235600 ms  DeleteObjects: 0.297500 ms)

========================================================================
Received Import Request.
  Time since last request: 31.070835 seconds.
  path: Assets/Terrain/Terrain Tools/0.1.0-preview/Terrain Assets/BrushTextures/HeightmapTexture.preset
  artifactKey: Guid(3673edd4bef6add4aaf606245092507c) Importer(815301076,1909f56bfc062723c751e8b465ee728b)
Start importing Assets/Terrain/Terrain Tools/0.1.0-preview/Terrain Assets/BrushTextures/HeightmapTexture.preset using Guid(3673edd4bef6add4aaf606245092507c) Importer(815301076,1909f56bfc062723c751e8b465ee728b)  -> (artifact id: 'a48ac4b545d7120194db7f66059375a7') in 0.117848 seconds 
========================================================================
Received Import Request.
  Time since last request: 4.532769 seconds.
  path: Assets/Terrain/Terrain Tools/0.1.0-preview/Terrain Assets/TerrainBrushes
  artifactKey: Guid(06d093db78f37314382766fde05acf29) Importer(815301076,1909f56bfc062723c751e8b465ee728b)
Start importing Assets/Terrain/Terrain Tools/0.1.0-preview/Terrain Assets/TerrainBrushes using Guid(06d093db78f37314382766fde05acf29) Importer(815301076,1909f56bfc062723c751e8b465ee728b)  -> (artifact id: '1bb7f568629ae9e0b00b6415f57e83eb') in 0.012963 seconds 
========================================================================
Received Prepare
Registering precompiled user dll's ...
Registered in 0.004501 seconds.
Begin MonoManager ReloadAssembly
Symbol file LoadedFromMemory doesn't match image D:\Unity\2021\4_Earth_Defend_2021\4_Earth_Defend_2021\Library\PackageCache\com.unity.visualscripting@1.6.1\Editor\VisualScripting.Core\Dependencies\YamlDotNet\Unity.VisualScripting.YamlDotNet.dll
Symbol file LoadedFromMemory doesn't match image D:\Unity\2021\4_Earth_Defend_2021\4_Earth_Defend_2021\Library\PackageCache\com.unity.visualscripting@1.6.1\Editor\VisualScripting.Core\Dependencies\DotNetZip\Unity.VisualScripting.IonicZip.dll
Native extension for WindowsStandalone target not found
Native extension for WebGL target not found
Refreshing native plugins compatible for Editor in 0.82 ms, found 1 plugins.
Preloading 0 native plugins for Editor in 0.00 ms.
Mono: successfully reloaded assembly
- Completed reload, in  2.340 seconds
Platform modules already initialized, skipping
Refreshing native plugins compatible for Editor in 0.92 ms, found 1 plugins.
Preloading 0 native plugins for Editor in 0.00 ms.
Unloading 2673 Unused Serialized files (Serialized files now loaded: 0)
System memory in use before: 167.8 MB.
System memory in use after: 168.0 MB.

Unloading 9 unused Assets to reduce memory usage. Loaded Objects now: 3457.
Total: 4.010300 ms (FindLiveObjects: 0.380800 ms CreateObjectMapping: 0.207500 ms MarkObjects: 3.274300 ms  DeleteObjects: 0.145200 ms)

========================================================================
Received Prepare
Registering precompiled user dll's ...
Registered in 0.003432 seconds.
Begin MonoManager ReloadAssembly
Symbol file LoadedFromMemory doesn't match image D:\Unity\2021\4_Earth_Defend_2021\4_Earth_Defend_2021\Library\PackageCache\com.unity.visualscripting@1.6.1\Editor\VisualScripting.Core\Dependencies\YamlDotNet\Unity.VisualScripting.YamlDotNet.dll
Symbol file LoadedFromMemory doesn't match image D:\Unity\2021\4_Earth_Defend_2021\4_Earth_Defend_2021\Library\PackageCache\com.unity.visualscripting@1.6.1\Editor\VisualScripting.Core\Dependencies\DotNetZip\Unity.VisualScripting.IonicZip.dll
Native extension for WindowsStandalone target not found
Native extension for WebGL target not found
Refreshing native plugins compatible for Editor in 0.78 ms, found 1 plugins.
Preloading 0 native plugins for Editor in 0.00 ms.
Mono: successfully reloaded assembly
- Completed reload, in  1.829 seconds
Platform modules already initialized, skipping
Refreshing native plugins compatible for Editor in 0.77 ms, found 1 plugins.
Preloading 0 native plugins for Editor in 0.00 ms.
Unloading 2673 Unused Serialized files (Serialized files now loaded: 0)
System memory in use before: 167.8 MB.
System memory in use after: 168.0 MB.

Unloading 9 unused Assets to reduce memory usage. Loaded Objects now: 3460.
Total: 4.327400 ms (FindLiveObjects: 0.403100 ms CreateObjectMapping: 0.279500 ms MarkObjects: 3.533200 ms  DeleteObjects: 0.109800 ms)

========================================================================
Received Prepare
Registering precompiled user dll's ...
Registered in 0.003572 seconds.
Begin MonoManager ReloadAssembly
Symbol file LoadedFromMemory doesn't match image D:\Unity\2021\4_Earth_Defend_2021\4_Earth_Defend_2021\Library\PackageCache\com.unity.visualscripting@1.6.1\Editor\VisualScripting.Core\Dependencies\YamlDotNet\Unity.VisualScripting.YamlDotNet.dll
Symbol file LoadedFromMemory doesn't match image D:\Unity\2021\4_Earth_Defend_2021\4_Earth_Defend_2021\Library\PackageCache\com.unity.visualscripting@1.6.1\Editor\VisualScripting.Core\Dependencies\DotNetZip\Unity.VisualScripting.IonicZip.dll
Native extension for WindowsStandalone target not found
Native extension for WebGL target not found
Refreshing native plugins compatible for Editor in 1.23 ms, found 1 plugins.
Preloading 0 native plugins for Editor in 0.00 ms.
Mono: successfully reloaded assembly
- Completed reload, in  1.748 seconds
Platform modules already initialized, skipping
Refreshing native plugins compatible for Editor in 1.27 ms, found 1 plugins.
Preloading 0 native plugins for Editor in 0.00 ms.
Unloading 2673 Unused Serialized files (Serialized files now loaded: 0)
System memory in use before: 167.8 MB.
System memory in use after: 168.0 MB.

Unloading 9 unused Assets to reduce memory usage. Loaded Objects now: 3463.
Total: 3.863500 ms (FindLiveObjects: 0.460400 ms CreateObjectMapping: 0.322900 ms MarkObjects: 2.968200 ms  DeleteObjects: 0.110100 ms)

========================================================================
Received Prepare
Registering precompiled user dll's ...
Registered in 0.004169 seconds.
Begin MonoManager ReloadAssembly
Symbol file LoadedFromMemory doesn't match image D:\Unity\2021\4_Earth_Defend_2021\4_Earth_Defend_2021\Library\PackageCache\com.unity.visualscripting@1.6.1\Editor\VisualScripting.Core\Dependencies\YamlDotNet\Unity.VisualScripting.YamlDotNet.dll
Symbol file LoadedFromMemory doesn't match image D:\Unity\2021\4_Earth_Defend_2021\4_Earth_Defend_2021\Library\PackageCache\com.unity.visualscripting@1.6.1\Editor\VisualScripting.Core\Dependencies\DotNetZip\Unity.VisualScripting.IonicZip.dll
Native extension for WindowsStandalone target not found
Native extension for WebGL target not found
Refreshing native plugins compatible for Editor in 0.79 ms, found 1 plugins.
Preloading 0 native plugins for Editor in 0.00 ms.
Mono: successfully reloaded assembly
- Completed reload, in  1.739 seconds
Platform modules already initialized, skipping
Refreshing native plugins compatible for Editor in 0.90 ms, found 1 plugins.
Preloading 0 native plugins for Editor in 0.00 ms.
Unloading 2673 Unused Serialized files (Serialized files now loaded: 0)
System memory in use before: 167.8 MB.
System memory in use after: 168.0 MB.

Unloading 9 unused Assets to reduce memory usage. Loaded Objects now: 3466.
Total: 4.260100 ms (FindLiveObjects: 0.490300 ms CreateObjectMapping: 0.339900 ms MarkObjects: 3.321800 ms  DeleteObjects: 0.106000 ms)

========================================================================
Received Prepare
Registering precompiled user dll's ...
Registered in 0.004077 seconds.
Begin MonoManager ReloadAssembly
Symbol file LoadedFromMemory doesn't match image D:\Unity\2021\4_Earth_Defend_2021\4_Earth_Defend_2021\Library\PackageCache\com.unity.visualscripting@1.6.1\Editor\VisualScripting.Core\Dependencies\YamlDotNet\Unity.VisualScripting.YamlDotNet.dll
Symbol file LoadedFromMemory doesn't match image D:\Unity\2021\4_Earth_Defend_2021\4_Earth_Defend_2021\Library\PackageCache\com.unity.visualscripting@1.6.1\Editor\VisualScripting.Core\Dependencies\DotNetZip\Unity.VisualScripting.IonicZip.dll
Native extension for WindowsStandalone target not found
Native extension for WebGL target not found
Refreshing native plugins compatible for Editor in 0.77 ms, found 1 plugins.
Preloading 0 native plugins for Editor in 0.00 ms.
Mono: successfully reloaded assembly
- Completed reload, in  1.703 seconds
Platform modules already initialized, skipping
Refreshing native plugins compatible for Editor in 0.81 ms, found 1 plugins.
Preloading 0 native plugins for Editor in 0.00 ms.
Unloading 2673 Unused Serialized files (Serialized files now loaded: 0)
System memory in use before: 167.8 MB.
System memory in use after: 168.0 MB.

Unloading 9 unused Assets to reduce memory usage. Loaded Objects now: 3469.
Total: 3.891200 ms (FindLiveObjects: 0.379200 ms CreateObjectMapping: 0.205400 ms MarkObjects: 3.199100 ms  DeleteObjects: 0.105800 ms)

========================================================================
Received Prepare
Registering precompiled user dll's ...
Registered in 0.003595 seconds.
Begin MonoManager ReloadAssembly
Symbol file LoadedFromMemory doesn't match image D:\Unity\2021\4_Earth_Defend_2021\4_Earth_Defend_2021\Library\PackageCache\com.unity.visualscripting@1.6.1\Editor\VisualScripting.Core\Dependencies\YamlDotNet\Unity.VisualScripting.YamlDotNet.dll
Symbol file LoadedFromMemory doesn't match image D:\Unity\2021\4_Earth_Defend_2021\4_Earth_Defend_2021\Library\PackageCache\com.unity.visualscripting@1.6.1\Editor\VisualScripting.Core\Dependencies\DotNetZip\Unity.VisualScripting.IonicZip.dll
Native extension for WindowsStandalone target not found
Native extension for WebGL target not found
Refreshing native plugins compatible for Editor in 0.78 ms, found 1 plugins.
Preloading 0 native plugins for Editor in 0.00 ms.
Mono: successfully reloaded assembly
- Completed reload, in  1.696 seconds
Platform modules already initialized, skipping
Refreshing native plugins compatible for Editor in 1.27 ms, found 1 plugins.
Preloading 0 native plugins for Editor in 0.00 ms.
Unloading 2673 Unused Serialized files (Serialized files now loaded: 0)
System memory in use before: 167.8 MB.
System memory in use after: 168.0 MB.

Unloading 9 unused Assets to reduce memory usage. Loaded Objects now: 3472.
Total: 3.811300 ms (FindLiveObjects: 0.459100 ms CreateObjectMapping: 0.252100 ms MarkObjects: 2.991300 ms  DeleteObjects: 0.106400 ms)

========================================================================
Received Prepare
Registering precompiled user dll's ...
Registered in 0.003943 seconds.
Begin MonoManager ReloadAssembly
Symbol file LoadedFromMemory doesn't match image D:\Unity\2021\4_Earth_Defend_2021\4_Earth_Defend_2021\Library\PackageCache\com.unity.visualscripting@1.6.1\Editor\VisualScripting.Core\Dependencies\YamlDotNet\Unity.VisualScripting.YamlDotNet.dll
Symbol file LoadedFromMemory doesn't match image D:\Unity\2021\4_Earth_Defend_2021\4_Earth_Defend_2021\Library\PackageCache\com.unity.visualscripting@1.6.1\Editor\VisualScripting.Core\Dependencies\DotNetZip\Unity.VisualScripting.IonicZip.dll
Native extension for WindowsStandalone target not found
Native extension for WebGL target not found
Refreshing native plugins compatible for Editor in 0.78 ms, found 1 plugins.
Preloading 0 native plugins for Editor in 0.00 ms.
Mono: successfully reloaded assembly
- Completed reload, in  1.827 seconds
Platform modules already initialized, skipping
Refreshing native plugins compatible for Editor in 0.83 ms, found 1 plugins.
Preloading 0 native plugins for Editor in 0.00 ms.
Unloading 2673 Unused Serialized files (Serialized files now loaded: 0)
System memory in use before: 167.9 MB.
System memory in use after: 168.1 MB.

Unloading 9 unused Assets to reduce memory usage. Loaded Objects now: 3475.
Total: 3.940000 ms (FindLiveObjects: 0.400100 ms CreateObjectMapping: 0.226600 ms MarkObjects: 3.194700 ms  DeleteObjects: 0.117100 ms)

AssetImportWorkerClient::OnTransportError - code=2 error=End of file
