Using pre-set license
Built from '2021.1/staging' branch; Version is '2021.1.7f1 (d91830b65d9b) revision 14227504'; Using compiler version '192528614'; Build Type 'Release'
OS: 'Windows 10 Home Single Language; OS build 19042.985; Version 2009; 64bit' Language: 'en' Physical Memory: 16260 MB
BatchMode: 1, IsHumanControllingUs: 0, StartBugReporterOnCrash: 0, Is64bit: 1, IsPro: 0

 COMMAND LINE ARGUMENTS:
C:\Program Files\Unity\Hub\Editor\2021.1.7f1\Editor\Unity.exe
-adb2
-batchMode
-noUpm
-name
AssetImportWorker0
-projectPath
D:/Unity/2021/4_Earth_Defend_2021/4_Earth_Defend_2021
-logFile
Logs/AssetImportWorker0.log
-srvPort
61699
Successfully changed project path to: D:/Unity/2021/4_Earth_Defend_2021/4_Earth_Defend_2021
D:/Unity/2021/4_Earth_Defend_2021/4_Earth_Defend_2021
Using Asset Import Pipeline V2.
Refreshing native plugins compatible for Editor in 148.79 ms, found 1 plugins.
Preloading 0 native plugins for Editor in 0.00 ms.
Initialize engine version: 2021.1.7f1 (d91830b65d9b)
[Subsystems] Discovering subsystems at path C:/Program Files/Unity/Hub/Editor/2021.1.7f1/Editor/Data/Resources/UnitySubsystems
[Subsystems] Discovering subsystems at path D:/Unity/2021/4_Earth_Defend_2021/4_Earth_Defend_2021/Assets
GfxDevice: creating device client; threaded=0; jobified=0
Direct3D:
    Version:  Direct3D 11.0 [level 11.1]
    Renderer: NVIDIA GeForce RTX 2060 (ID=0x1f11)
    Vendor:   NVIDIA
    VRAM:     5980 MB
    Driver:   27.21.14.6647
Initialize mono
Mono path[0] = 'C:/Program Files/Unity/Hub/Editor/2021.1.7f1/Editor/Data/Managed'
Mono path[1] = 'C:/Program Files/Unity/Hub/Editor/2021.1.7f1/Editor/Data/MonoBleedingEdge/lib/mono/unityjit'
Mono config path = 'C:/Program Files/Unity/Hub/Editor/2021.1.7f1/Editor/Data/MonoBleedingEdge/etc'
Using monoOptions --debugger-agent=transport=dt_socket,embedding=1,server=y,suspend=n,address=127.0.0.1:56392
Begin MonoManager ReloadAssembly
Registering precompiled unity dll's ...
Register platform support module: C:/Program Files/Unity/Hub/Editor/2021.1.7f1/Editor/Data/PlaybackEngines/WebGLSupport/UnityEditor.WebGL.Extensions.dll
Register platform support module: C:/Program Files/Unity/Hub/Editor/2021.1.7f1/Editor/Data/PlaybackEngines/WindowsStandaloneSupport/UnityEditor.WindowsStandalone.Extensions.dll
Registered in 0.004695 seconds.
Native extension for WindowsStandalone target not found
Native extension for WebGL target not found
Refreshing native plugins compatible for Editor in 154.23 ms, found 1 plugins.
Preloading 0 native plugins for Editor in 0.00 ms.
Mono: successfully reloaded assembly
- Completed reload, in  2.720 seconds
Platform modules already initialized, skipping
Registering precompiled user dll's ...
Registered in 0.003587 seconds.
Begin MonoManager ReloadAssembly
Symbol file LoadedFromMemory doesn't match image D:\Unity\2021\4_Earth_Defend_2021\4_Earth_Defend_2021\Library\PackageCache\com.unity.visualscripting@1.6.1\Editor\VisualScripting.Core\Dependencies\YamlDotNet\Unity.VisualScripting.YamlDotNet.dll
Symbol file LoadedFromMemory doesn't match image D:\Unity\2021\4_Earth_Defend_2021\4_Earth_Defend_2021\Library\PackageCache\com.unity.visualscripting@1.6.1\Editor\VisualScripting.Core\Dependencies\DotNetZip\Unity.VisualScripting.IonicZip.dll
Native extension for WindowsStandalone target not found
Native extension for WebGL target not found
Refreshing native plugins compatible for Editor in 0.76 ms, found 1 plugins.
Preloading 0 native plugins for Editor in 0.00 ms.
Mono: successfully reloaded assembly
- Completed reload, in  1.897 seconds
Platform modules already initialized, skipping
========================================================================
Worker process is ready to serve import requests
Launched and connected shader compiler UnityShaderCompiler.exe after 0.08 seconds
Refreshing native plugins compatible for Editor in 0.77 ms, found 1 plugins.
Preloading 0 native plugins for Editor in 0.00 ms.
Unloading 2682 Unused Serialized files (Serialized files now loaded: 0)
System memory in use before: 117.9 MB.
System memory in use after: 118.1 MB.

Unloading 14 unused Assets to reduce memory usage. Loaded Objects now: 3165.
Total: 3.773000 ms (FindLiveObjects: 0.382900 ms CreateObjectMapping: 0.298900 ms MarkObjects: 2.931100 ms  DeleteObjects: 0.158000 ms)

========================================================================
Received Import Request.
  path: Assets/Particles/Particle Round With Glow.png
  artifactKey: Guid(26a47000b2b63ab4a8495532439e96b9) Importer(815301076,1909f56bfc062723c751e8b465ee728b)
Start importing Assets/Particles/Particle Round With Glow.png using Guid(26a47000b2b63ab4a8495532439e96b9) Importer(815301076,1909f56bfc062723c751e8b465ee728b)  -> (artifact id: '33b453b291b5dd1a8e51f5f5ac9be221') in 0.148250 seconds 
========================================================================
Received Import Request.
  Time since last request: 0.000404 seconds.
  path: Assets/Particles/Particle Round Solid.mat
  artifactKey: Guid(b57a7da994ad2dd4a8d6cd38f3959d42) Importer(815301076,1909f56bfc062723c751e8b465ee728b)
Start importing Assets/Particles/Particle Round Solid.mat using Guid(b57a7da994ad2dd4a8d6cd38f3959d42) Importer(815301076,1909f56bfc062723c751e8b465ee728b)  -> (artifact id: '631f3948e772b616c5091f4601436cda') in 0.165213 seconds 
========================================================================
Received Import Request.
  Time since last request: 0.000406 seconds.
  path: Assets/Particles/Particle Square.png
  artifactKey: Guid(2963cc06c0ffac94c8dc1a0c50c0974d) Importer(815301076,1909f56bfc062723c751e8b465ee728b)
Start importing Assets/Particles/Particle Square.png using Guid(2963cc06c0ffac94c8dc1a0c50c0974d) Importer(815301076,1909f56bfc062723c751e8b465ee728b)  -> (artifact id: '39f973e7ccd6bfd4c3f805f4fac520f0') in 0.018032 seconds 
========================================================================
Received Import Request.
  Time since last request: 0.000439 seconds.
  path: Assets/Particles/Particle Star.png
  artifactKey: Guid(0ac18963ac864e6439034e50975cf0ef) Importer(815301076,1909f56bfc062723c751e8b465ee728b)
Start importing Assets/Particles/Particle Star.png using Guid(0ac18963ac864e6439034e50975cf0ef) Importer(815301076,1909f56bfc062723c751e8b465ee728b)  -> (artifact id: '4756cbec3924007b28e09cbd170ab2c0') in 0.021070 seconds 
========================================================================
Received Import Request.
  Time since last request: 0.000433 seconds.
  path: Assets/Particles
  artifactKey: Guid(1aa46ec32f25f55449386ad6a37ca58e) Importer(815301076,1909f56bfc062723c751e8b465ee728b)
Start importing Assets/Particles using Guid(1aa46ec32f25f55449386ad6a37ca58e) Importer(815301076,1909f56bfc062723c751e8b465ee728b)  -> (artifact id: '49cf0af6d65006f9b41e8d2436a5306f') in 0.010472 seconds 
========================================================================
Received Import Request.
  Time since last request: 0.000384 seconds.
  path: Assets/Particles/Particle Star.mat
  artifactKey: Guid(2ee365f7bb02bd34e92396f1b3507d28) Importer(815301076,1909f56bfc062723c751e8b465ee728b)
Start importing Assets/Particles/Particle Star.mat using Guid(2ee365f7bb02bd34e92396f1b3507d28) Importer(815301076,1909f56bfc062723c751e8b465ee728b)  -> (artifact id: '4c785bc4c8e90e8558dd1735564d5c39') in 0.027798 seconds 
========================================================================
Received Import Request.
  Time since last request: 0.000396 seconds.
  path: Assets/Particles/Particle Round Soft.mat
  artifactKey: Guid(e5379c58bf2bacd429a6b7ce417fe5e1) Importer(815301076,1909f56bfc062723c751e8b465ee728b)
Start importing Assets/Particles/Particle Round Soft.mat using Guid(e5379c58bf2bacd429a6b7ce417fe5e1) Importer(815301076,1909f56bfc062723c751e8b465ee728b)  -> (artifact id: 'a0a0eeb85a9e438a0424834904165119') in 0.026922 seconds 
========================================================================
Received Import Request.
  Time since last request: 0.000365 seconds.
  path: Assets/Particles/Particle Square 1.mat
  artifactKey: Guid(2cbfbbcf3e223344a83f96898c93ddc9) Importer(815301076,1909f56bfc062723c751e8b465ee728b)
Start importing Assets/Particles/Particle Square 1.mat using Guid(2cbfbbcf3e223344a83f96898c93ddc9) Importer(815301076,1909f56bfc062723c751e8b465ee728b)  -> (artifact id: '3e52253d8b9dbe3c9431335766571659') in 0.024971 seconds 
========================================================================
Received Import Request.
  Time since last request: 0.000420 seconds.
  path: Assets/Particles/Particle Round Solid.png
  artifactKey: Guid(54dfaffec1805914193dea617a90e211) Importer(815301076,1909f56bfc062723c751e8b465ee728b)
Start importing Assets/Particles/Particle Round Solid.png using Guid(54dfaffec1805914193dea617a90e211) Importer(815301076,1909f56bfc062723c751e8b465ee728b)  -> (artifact id: 'ca282e32e0e954791b3305d351656114') in 0.009646 seconds 
========================================================================
Received Import Request.
  Time since last request: 27.413198 seconds.
  path: Assets/AssetPacks/Standard Assets/Environment/Water/Water/Materials/WaterProDaytime.mat
  artifactKey: Guid(7350b65a6431f604a8496c39db1ac9c5) Importer(815301076,1909f56bfc062723c751e8b465ee728b)
Start importing Assets/AssetPacks/Standard Assets/Environment/Water/Water/Materials/WaterProDaytime.mat using Guid(7350b65a6431f604a8496c39db1ac9c5) Importer(815301076,1909f56bfc062723c751e8b465ee728b)  -> (artifact id: '44af48cff6dd7884ffccf501f42167b4') in 0.108887 seconds 
========================================================================
Received Import Request.
  Time since last request: 0.000357 seconds.
  path: Assets/AssetPacks/Standard Assets/Environment/Water/Water/Materials/WaterProNighttime.mat
  artifactKey: Guid(e633a20421c47426aa04444234225b69) Importer(815301076,1909f56bfc062723c751e8b465ee728b)
Start importing Assets/AssetPacks/Standard Assets/Environment/Water/Water/Materials/WaterProNighttime.mat using Guid(e633a20421c47426aa04444234225b69) Importer(815301076,1909f56bfc062723c751e8b465ee728b)  -> (artifact id: '2afb72c6ad9b4a9677a0f3b4edc9ba8b') in 0.068362 seconds 
========================================================================
Received Import Request.
  Time since last request: 0.000442 seconds.
  path: Assets/AssetPacks/Standard Assets/Environment/Water (Basic)/Materials/WaterDefault.mat
  artifactKey: Guid(30abebfd9bf1c49d8a2d26e61e66bc15) Importer(815301076,1909f56bfc062723c751e8b465ee728b)
Start importing Assets/AssetPacks/Standard Assets/Environment/Water (Basic)/Materials/WaterDefault.mat using Guid(30abebfd9bf1c49d8a2d26e61e66bc15) Importer(815301076,1909f56bfc062723c751e8b465ee728b)  -> (artifact id: '81da08a78ba7327366778c698b8b7566') in 0.256304 seconds 
========================================================================
Received Import Request.
  Time since last request: 0.000456 seconds.
  path: Assets/AssetPacks/Standard Assets/Environment/Water/Water/Materials/WaterPlaneMaterial.mat
  artifactKey: Guid(f1bc741ea0e69a241896582ddb633d55) Importer(815301076,1909f56bfc062723c751e8b465ee728b)
Start importing Assets/AssetPacks/Standard Assets/Environment/Water/Water/Materials/WaterPlaneMaterial.mat using Guid(f1bc741ea0e69a241896582ddb633d55) Importer(815301076,1909f56bfc062723c751e8b465ee728b)  -> (artifact id: 'ce5682cc302f4f75802080e4b3860758') in 0.530039 seconds 
========================================================================
Received Import Request.
  Time since last request: 0.000502 seconds.
  path: Assets/AssetPacks/Standard Assets/Environment/Water (Basic)/Materials/WaterBasicDaytime.mat
  artifactKey: Guid(52b7d70b1de7c4ce09662b77c14d9fda) Importer(815301076,1909f56bfc062723c751e8b465ee728b)
Start importing Assets/AssetPacks/Standard Assets/Environment/Water (Basic)/Materials/WaterBasicDaytime.mat using Guid(52b7d70b1de7c4ce09662b77c14d9fda) Importer(815301076,1909f56bfc062723c751e8b465ee728b)  -> (artifact id: '5e5bb2a0322ccf95999b893d3160de1a') in 0.090979 seconds 
========================================================================
Received Import Request.
  Time since last request: 0.000452 seconds.
  path: Assets/AssetPacks/Standard Assets/Environment/Water/Water4/Materials/Water4Advanced.mat
  artifactKey: Guid(a5f2339f242f6cc41a982ec55ea3c201) Importer(815301076,1909f56bfc062723c751e8b465ee728b)
Start importing Assets/AssetPacks/Standard Assets/Environment/Water/Water4/Materials/Water4Advanced.mat using Guid(a5f2339f242f6cc41a982ec55ea3c201) Importer(815301076,1909f56bfc062723c751e8b465ee728b)  -> (artifact id: '437651e109498d5cbfe0fe71f9cdfb69') in 0.089947 seconds 
========================================================================
Received Import Request.
  Time since last request: 0.000399 seconds.
  path: Assets/AssetPacks/StarSparrow/Materials/BonusContent/TinniuqPlanet.mat
  artifactKey: Guid(58bc1c6f4cc25b942bb7eb6b75c68156) Importer(815301076,1909f56bfc062723c751e8b465ee728b)
Start importing Assets/AssetPacks/StarSparrow/Materials/BonusContent/TinniuqPlanet.mat using Guid(58bc1c6f4cc25b942bb7eb6b75c68156) Importer(815301076,1909f56bfc062723c751e8b465ee728b)  -> (artifact id: '7482be145a0e3128da022ff870373c51') in 0.239874 seconds 
========================================================================
Received Import Request.
  Time since last request: 0.000370 seconds.
  path: Assets/AssetPacks/StarSparrow/Materials/Unified/StarSparrow Blue.mat
  artifactKey: Guid(57125df2e9117bb40a32c83b6390c301) Importer(815301076,1909f56bfc062723c751e8b465ee728b)
Start importing Assets/AssetPacks/StarSparrow/Materials/Unified/StarSparrow Blue.mat using Guid(57125df2e9117bb40a32c83b6390c301) Importer(815301076,1909f56bfc062723c751e8b465ee728b)  -> (artifact id: '0e137764bd90307f5d102c3edcf4716a') in 0.283096 seconds 
========================================================================
Received Import Request.
  Time since last request: 0.000397 seconds.
  path: Assets/AssetPacks/StarSparrow/Materials/Unified/StarSparrow White.mat
  artifactKey: Guid(f4515b3c7e536f347a12e8ed4566741c) Importer(815301076,1909f56bfc062723c751e8b465ee728b)
Start importing Assets/AssetPacks/StarSparrow/Materials/Unified/StarSparrow White.mat using Guid(f4515b3c7e536f347a12e8ed4566741c) Importer(815301076,1909f56bfc062723c751e8b465ee728b)  -> (artifact id: '2f4c9e13f9d6fcaf94f49f2d11b55dc9') in 0.100930 seconds 
========================================================================
Received Import Request.
  Time since last request: 0.000426 seconds.
  path: Assets/AssetPacks/StarSparrow/Materials/Unified/StarSparrow Green.mat
  artifactKey: Guid(c1d543fb584b643408f83fef5d62be33) Importer(815301076,1909f56bfc062723c751e8b465ee728b)
Start importing Assets/AssetPacks/StarSparrow/Materials/Unified/StarSparrow Green.mat using Guid(c1d543fb584b643408f83fef5d62be33) Importer(815301076,1909f56bfc062723c751e8b465ee728b)  -> (artifact id: 'f13689d636bd88b2950a75974bc7a54b') in 0.096168 seconds 
========================================================================
Received Import Request.
  Time since last request: 0.000533 seconds.
  path: Assets/AssetPacks/Standard Assets/Environment/Water (Basic)/Materials/WaterBasicNighttime.mat
  artifactKey: Guid(c55afdc4a8a3b4890b07cc7d176510bb) Importer(815301076,1909f56bfc062723c751e8b465ee728b)
Start importing Assets/AssetPacks/Standard Assets/Environment/Water (Basic)/Materials/WaterBasicNighttime.mat using Guid(c55afdc4a8a3b4890b07cc7d176510bb) Importer(815301076,1909f56bfc062723c751e8b465ee728b)  -> (artifact id: '8250e8102cc35c2052a93143fcec8993') in 0.057480 seconds 
========================================================================
Received Import Request.
  Time since last request: 0.000370 seconds.
  path: Assets/AssetPacks/Standard Assets/Environment/Water/Water4/Materials/Water4Simple.mat
  artifactKey: Guid(656fde119942645aa8e062e04c119aa1) Importer(815301076,1909f56bfc062723c751e8b465ee728b)
Start importing Assets/AssetPacks/Standard Assets/Environment/Water/Water4/Materials/Water4Simple.mat using Guid(656fde119942645aa8e062e04c119aa1) Importer(815301076,1909f56bfc062723c751e8b465ee728b)  -> (artifact id: 'e2dd575334f8a0d4b228c4b3d0934abb') in 0.050801 seconds 
========================================================================
Received Import Request.
  Time since last request: 0.000366 seconds.
  path: Assets/AssetPacks/StarSparrow/Materials/Unified/StarSparrow Red.mat
  artifactKey: Guid(78944cc85fa085845b84141d319ac0dd) Importer(815301076,1909f56bfc062723c751e8b465ee728b)
Start importing Assets/AssetPacks/StarSparrow/Materials/Unified/StarSparrow Red.mat using Guid(78944cc85fa085845b84141d319ac0dd) Importer(815301076,1909f56bfc062723c751e8b465ee728b)  -> (artifact id: '8e6ddc8a3b76acdc0562bb2d1123ee0a') in 0.104634 seconds 
========================================================================
Received Import Request.
  Time since last request: 0.000354 seconds.
  path: Assets/AssetPacks/StarSparrow/Materials/Unified/StarSparrow Grey.mat
  artifactKey: Guid(f221e96cfbb5d6040b82a97d3d5ff1d0) Importer(815301076,1909f56bfc062723c751e8b465ee728b)
Start importing Assets/AssetPacks/StarSparrow/Materials/Unified/StarSparrow Grey.mat using Guid(f221e96cfbb5d6040b82a97d3d5ff1d0) Importer(815301076,1909f56bfc062723c751e8b465ee728b)  -> (artifact id: 'ab9cf98cf740ec81c6f4efba31cd7e96') in 0.096067 seconds 
========================================================================
Received Import Request.
  Time since last request: 1.273815 seconds.
  path: Assets/AssetPacks/StarSparrow/Materials/BonusContent/Missile.mat
  artifactKey: Guid(30d351457dfac9d40a8b07e6426fd177) Importer(815301076,1909f56bfc062723c751e8b465ee728b)
Start importing Assets/AssetPacks/StarSparrow/Materials/BonusContent/Missile.mat using Guid(30d351457dfac9d40a8b07e6426fd177) Importer(815301076,1909f56bfc062723c751e8b465ee728b)  -> (artifact id: 'f4069f2307bcc1c554791a59d91ba5b2') in 0.144881 seconds 
========================================================================
Received Import Request.
  Time since last request: 0.000383 seconds.
  path: Assets/AssetPacks/Standard Assets/Environment/Water/Water4/Materials/OceanPlaneMaterial.mat
  artifactKey: Guid(a437a9b380909fa4d98f929428f70388) Importer(815301076,1909f56bfc062723c751e8b465ee728b)
Start importing Assets/AssetPacks/Standard Assets/Environment/Water/Water4/Materials/OceanPlaneMaterial.mat using Guid(a437a9b380909fa4d98f929428f70388) Importer(815301076,1909f56bfc062723c751e8b465ee728b)  -> (artifact id: 'ebf0e3b459f1308fc97d8edf6234dfe2') in 0.042075 seconds 
========================================================================
Received Import Request.
  Time since last request: 0.720367 seconds.
  path: Assets/AssetPacks/StarSparrow/Materials/BonusContent/Mine Sample 1.mat
  artifactKey: Guid(82c97815f01775d4899d78255a373dfe) Importer(815301076,1909f56bfc062723c751e8b465ee728b)
Start importing Assets/AssetPacks/StarSparrow/Materials/BonusContent/Mine Sample 1.mat using Guid(82c97815f01775d4899d78255a373dfe) Importer(815301076,1909f56bfc062723c751e8b465ee728b)  -> (artifact id: 'dc2f12dcc717e7d0953c67ddc9ce120c') in 0.137208 seconds 
========================================================================
Received Import Request.
  Time since last request: 0.000379 seconds.
  path: Assets/AssetPacks/StarSparrow/Materials/BonusContent/Mine Sample 2.mat
  artifactKey: Guid(7da0d403d4fb0da40ac018d557c6db89) Importer(815301076,1909f56bfc062723c751e8b465ee728b)
Start importing Assets/AssetPacks/StarSparrow/Materials/BonusContent/Mine Sample 2.mat using Guid(7da0d403d4fb0da40ac018d557c6db89) Importer(815301076,1909f56bfc062723c751e8b465ee728b)  -> (artifact id: '8bfeed10c1a5e49eb78565da096eaefd') in 0.119241 seconds 
========================================================================
Received Import Request.
  Time since last request: 0.097091 seconds.
  path: Assets/AssetPacks/Standard Assets/Environment/SpeedTree/Conifer/Conifer_Desktop Materials/LOD0/Leaves_3.mat
  artifactKey: Guid(2bcb00d145ec17e4cad096cedfd84138) Importer(815301076,1909f56bfc062723c751e8b465ee728b)
Start importing Assets/AssetPacks/Standard Assets/Environment/SpeedTree/Conifer/Conifer_Desktop Materials/LOD0/Leaves_3.mat using Guid(2bcb00d145ec17e4cad096cedfd84138) Importer(815301076,1909f56bfc062723c751e8b465ee728b)  -> (artifact id: 'c6d232e23422521fc8b2efc4780d0e19') in 0.101349 seconds 
========================================================================
Received Import Request.
  Time since last request: 0.000399 seconds.
  path: Assets/AssetPacks/Standard Assets/Environment/SpeedTree/Conifer/Conifer_Desktop Materials/LOD2/Leaves_3.mat
  artifactKey: Guid(c487fc8e98a2a42488a6c0a36ccaec27) Importer(815301076,1909f56bfc062723c751e8b465ee728b)
Start importing Assets/AssetPacks/Standard Assets/Environment/SpeedTree/Conifer/Conifer_Desktop Materials/LOD2/Leaves_3.mat using Guid(c487fc8e98a2a42488a6c0a36ccaec27) Importer(815301076,1909f56bfc062723c751e8b465ee728b)  -> (artifact id: '08bd20a1b7bc07f01a7f3cc35f8fa44a') in 0.023466 seconds 
========================================================================
Received Import Request.
  Time since last request: 0.401511 seconds.
  path: Assets/AssetPacks/Standard Assets/Environment/SpeedTree/Palm/Palm_Desktop Materials/LOD1/Leaves_3.mat
  artifactKey: Guid(9cc6d6e9e3fe9154890a6f9caa77c955) Importer(815301076,1909f56bfc062723c751e8b465ee728b)
Start importing Assets/AssetPacks/Standard Assets/Environment/SpeedTree/Palm/Palm_Desktop Materials/LOD1/Leaves_3.mat using Guid(9cc6d6e9e3fe9154890a6f9caa77c955) Importer(815301076,1909f56bfc062723c751e8b465ee728b)  -> (artifact id: '5bdfa096fc69fff9f1c4dc8db64fa450') in 0.019831 seconds 
========================================================================
Received Import Request.
  Time since last request: 0.000417 seconds.
  path: Assets/AssetPacks/Standard Assets/Environment/SpeedTree/Palm/Palm_Desktop Materials/LOD0/Leaves_3.mat
  artifactKey: Guid(a6b21b8c372827345a11bae2fb736e36) Importer(815301076,1909f56bfc062723c751e8b465ee728b)
Start importing Assets/AssetPacks/Standard Assets/Environment/SpeedTree/Palm/Palm_Desktop Materials/LOD0/Leaves_3.mat using Guid(a6b21b8c372827345a11bae2fb736e36) Importer(815301076,1909f56bfc062723c751e8b465ee728b)  -> (artifact id: '30ce223d13ea206bed0756f50ae75b13') in 0.034496 seconds 
========================================================================
Received Import Request.
  Time since last request: 0.166319 seconds.
  path: Assets/AssetPacks/Standard Assets/Environment/SpeedTree/Broadleaf/Broadleaf_Desktop Materials/LOD1/Leaves_3.mat
  artifactKey: Guid(21b01056ea59b814f9ae15d8e6bb3aac) Importer(815301076,1909f56bfc062723c751e8b465ee728b)
Start importing Assets/AssetPacks/Standard Assets/Environment/SpeedTree/Broadleaf/Broadleaf_Desktop Materials/LOD1/Leaves_3.mat using Guid(21b01056ea59b814f9ae15d8e6bb3aac) Importer(815301076,1909f56bfc062723c751e8b465ee728b)  -> (artifact id: '96ed0bc84ea49a32b1875d7ed0298094') in 0.019428 seconds 
========================================================================
Received Import Request.
  Time since last request: 0.000417 seconds.
  path: Assets/AssetPacks/Standard Assets/Environment/SpeedTree/Conifer/Conifer_Desktop Materials/LOD1/Leaves_3.mat
  artifactKey: Guid(e6751882f7503bd4f9c6c3902e8b6188) Importer(815301076,1909f56bfc062723c751e8b465ee728b)
Start importing Assets/AssetPacks/Standard Assets/Environment/SpeedTree/Conifer/Conifer_Desktop Materials/LOD1/Leaves_3.mat using Guid(e6751882f7503bd4f9c6c3902e8b6188) Importer(815301076,1909f56bfc062723c751e8b465ee728b)  -> (artifact id: 'e19fc0c3809bf79980f6f589efe4428b') in 0.026707 seconds 
========================================================================
Received Import Request.
  Time since last request: 0.416554 seconds.
  path: Assets/AssetPacks/Standard Assets/Environment/SpeedTree/Broadleaf/Broadleaf_Desktop Materials/LOD0/Leaves_3.mat
  artifactKey: Guid(19d7ece9e3def3745a0f6e75d984fdf6) Importer(815301076,1909f56bfc062723c751e8b465ee728b)
Start importing Assets/AssetPacks/Standard Assets/Environment/SpeedTree/Broadleaf/Broadleaf_Desktop Materials/LOD0/Leaves_3.mat using Guid(19d7ece9e3def3745a0f6e75d984fdf6) Importer(815301076,1909f56bfc062723c751e8b465ee728b)  -> (artifact id: '69f90667ca675cf5e9a36e84ca25e079') in 0.019604 seconds 
========================================================================
Received Import Request.
  Time since last request: 0.000425 seconds.
  path: Assets/AssetPacks/Standard Assets/Environment/SpeedTree/Broadleaf/Broadleaf_Desktop Materials/LOD2/Leaves_3.mat
  artifactKey: Guid(355b3169750599e4f957a9d54675c3fa) Importer(815301076,1909f56bfc062723c751e8b465ee728b)
Start importing Assets/AssetPacks/Standard Assets/Environment/SpeedTree/Broadleaf/Broadleaf_Desktop Materials/LOD2/Leaves_3.mat using Guid(355b3169750599e4f957a9d54675c3fa) Importer(815301076,1909f56bfc062723c751e8b465ee728b)  -> (artifact id: 'c2e3137f7661bd846488895693340d14') in 0.017663 seconds 
========================================================================
Received Import Request.
  Time since last request: 0.094502 seconds.
  path: Assets/AssetPacks/Standard Assets/Environment/SpeedTree/Broadleaf/Broadleaf_Mobile Materials/LOD1/Leaves_1.mat
  artifactKey: Guid(a940b48d553d9c74f9ca0a3b4cf74336) Importer(815301076,1909f56bfc062723c751e8b465ee728b)
Start importing Assets/AssetPacks/Standard Assets/Environment/SpeedTree/Broadleaf/Broadleaf_Mobile Materials/LOD1/Leaves_1.mat using Guid(a940b48d553d9c74f9ca0a3b4cf74336) Importer(815301076,1909f56bfc062723c751e8b465ee728b)  -> (artifact id: 'bc5681d78aa273f771ff4d4f58d171c2') in 0.101820 seconds 
========================================================================
Received Import Request.
  Time since last request: 0.000422 seconds.
  path: Assets/AssetPacks/Standard Assets/Environment/SpeedTree/Broadleaf/Broadleaf_Mobile Materials/LOD2/Leaves_1.mat
  artifactKey: Guid(f568ca8b20ae095418f3e2a3b341d8f6) Importer(815301076,1909f56bfc062723c751e8b465ee728b)
Start importing Assets/AssetPacks/Standard Assets/Environment/SpeedTree/Broadleaf/Broadleaf_Mobile Materials/LOD2/Leaves_1.mat using Guid(f568ca8b20ae095418f3e2a3b341d8f6) Importer(815301076,1909f56bfc062723c751e8b465ee728b)  -> (artifact id: '9fcd6ebfb0a3bb0c1efea3ab33ea6781') in 0.026117 seconds 
========================================================================
Received Import Request.
  Time since last request: 0.050856 seconds.
  path: Assets/AssetPacks/StarSparrow/Materials/BonusContent/Grey.mat
  artifactKey: Guid(6b0bf81b9bf769c4cb75da722d4530a0) Importer(815301076,1909f56bfc062723c751e8b465ee728b)
Start importing Assets/AssetPacks/StarSparrow/Materials/BonusContent/Grey.mat using Guid(6b0bf81b9bf769c4cb75da722d4530a0) Importer(815301076,1909f56bfc062723c751e8b465ee728b)  -> (artifact id: '7082844d2bbb3899cb2ba900cd5d9481') in 0.041278 seconds 
========================================================================
Received Import Request.
  Time since last request: 0.000409 seconds.
  path: Assets/AssetPacks/Standard Assets/Environment/SpeedTree/Broadleaf/Broadleaf_Mobile Materials/LOD0/Leaves_1.mat
  artifactKey: Guid(6c3b3265bf0f7e547a1ada8555f850a5) Importer(815301076,1909f56bfc062723c751e8b465ee728b)
Start importing Assets/AssetPacks/Standard Assets/Environment/SpeedTree/Broadleaf/Broadleaf_Mobile Materials/LOD0/Leaves_1.mat using Guid(6c3b3265bf0f7e547a1ada8555f850a5) Importer(815301076,1909f56bfc062723c751e8b465ee728b)  -> (artifact id: '75942ce747cc5bfe33c3c582a06193cd') in 0.020728 seconds 
========================================================================
Received Import Request.
  Time since last request: 37.129288 seconds.
  path: Assets/AssetPacks/StarSparrow/Materials/BonusContent/AsteroidsLava_Blue.mat
  artifactKey: Guid(e1cac9f87fda27445ac6a54ade344d63) Importer(815301076,1909f56bfc062723c751e8b465ee728b)
Start importing Assets/AssetPacks/StarSparrow/Materials/BonusContent/AsteroidsLava_Blue.mat using Guid(e1cac9f87fda27445ac6a54ade344d63) Importer(815301076,1909f56bfc062723c751e8b465ee728b)  -> (artifact id: 'fae1bfabce0e844c6b4700db7973aa12') in 0.599976 seconds 
========================================================================
Received Import Request.
  Time since last request: 0.000408 seconds.
  path: Assets/AssetPacks/Standard Assets/Environment/SpeedTree/Palm/Palm_Desktop Materials/Billboard.mat
  artifactKey: Guid(6e680dda9368db5418f19388474277a2) Importer(815301076,1909f56bfc062723c751e8b465ee728b)
Start importing Assets/AssetPacks/Standard Assets/Environment/SpeedTree/Palm/Palm_Desktop Materials/Billboard.mat using Guid(6e680dda9368db5418f19388474277a2) Importer(815301076,1909f56bfc062723c751e8b465ee728b)  -> (artifact id: 'df2c4aacc732b0e4347866cbc2b25a3f') in 0.039640 seconds 
========================================================================
Received Import Request.
  Time since last request: 0.000378 seconds.
  path: Assets/AssetPacks/Standard Assets/Environment/SpeedTree/Broadleaf/Broadleaf_Mobile Materials/Billboard.mat
  artifactKey: Guid(8c1755df5f552e843b9f8485f72e71f8) Importer(815301076,1909f56bfc062723c751e8b465ee728b)
Start importing Assets/AssetPacks/Standard Assets/Environment/SpeedTree/Broadleaf/Broadleaf_Mobile Materials/Billboard.mat using Guid(8c1755df5f552e843b9f8485f72e71f8) Importer(815301076,1909f56bfc062723c751e8b465ee728b)  -> (artifact id: '1197e71756a4566dd11cc5c29ce6ccf1') in 0.096858 seconds 
========================================================================
Received Import Request.
  Time since last request: 0.000362 seconds.
  path: Assets/AssetPacks/StarSparrow/Materials/BonusContent/Bomb.mat
  artifactKey: Guid(2d81e0bd71e79784199dbdf6880a51e6) Importer(815301076,1909f56bfc062723c751e8b465ee728b)
Start importing Assets/AssetPacks/StarSparrow/Materials/BonusContent/Bomb.mat using Guid(2d81e0bd71e79784199dbdf6880a51e6) Importer(815301076,1909f56bfc062723c751e8b465ee728b)  -> (artifact id: 'b9d9476f296372c69d80a57e44a3f27e') in 0.126936 seconds 
========================================================================
Received Import Request.
  Time since last request: 0.000398 seconds.
  path: Assets/AssetPacks/Standard Assets/Environment/SpeedTree/Palm/Palm_Desktop Materials/LOD2/Branches_0.mat
  artifactKey: Guid(5c6bda52f548c164381f24c22067e446) Importer(815301076,1909f56bfc062723c751e8b465ee728b)
Start importing Assets/AssetPacks/Standard Assets/Environment/SpeedTree/Palm/Palm_Desktop Materials/LOD2/Branches_0.mat using Guid(5c6bda52f548c164381f24c22067e446) Importer(815301076,1909f56bfc062723c751e8b465ee728b)  -> (artifact id: '96b6c26197bb26fe0d1b3cabdfa536ca') in 0.019850 seconds 
========================================================================
Received Import Request.
  Time since last request: 0.000409 seconds.
  path: Assets/AssetPacks/Standard Assets/Environment/SpeedTree/Conifer/Conifer_Desktop Materials/Billboard.mat
  artifactKey: Guid(e625f56663597ef4899f86b588b4d506) Importer(815301076,1909f56bfc062723c751e8b465ee728b)
Start importing Assets/AssetPacks/Standard Assets/Environment/SpeedTree/Conifer/Conifer_Desktop Materials/Billboard.mat using Guid(e625f56663597ef4899f86b588b4d506) Importer(815301076,1909f56bfc062723c751e8b465ee728b)  -> (artifact id: '25038592aac97b4fa781cb0cc8dd2a4f') in 0.094645 seconds 
========================================================================
Received Import Request.
  Time since last request: 0.000393 seconds.
  path: Assets/AssetPacks/Standard Assets/Environment/SpeedTree/Broadleaf/Broadleaf_Desktop Materials/Billboard.mat
  artifactKey: Guid(d68104aea3d1d084385a1acc7c896247) Importer(815301076,1909f56bfc062723c751e8b465ee728b)
Start importing Assets/AssetPacks/Standard Assets/Environment/SpeedTree/Broadleaf/Broadleaf_Desktop Materials/Billboard.mat using Guid(d68104aea3d1d084385a1acc7c896247) Importer(815301076,1909f56bfc062723c751e8b465ee728b)  -> (artifact id: '0bdb1f4249b420be352d6006355724d6') in 0.012401 seconds 
========================================================================
Received Import Request.
  Time since last request: 0.000378 seconds.
  path: Assets/AssetPacks/StarSparrow/Materials/BonusContent/AsteroidsLava_Red.mat
  artifactKey: Guid(816eca2bca813da4883bad3b376c4dbc) Importer(815301076,1909f56bfc062723c751e8b465ee728b)
Start importing Assets/AssetPacks/StarSparrow/Materials/BonusContent/AsteroidsLava_Red.mat using Guid(816eca2bca813da4883bad3b376c4dbc) Importer(815301076,1909f56bfc062723c751e8b465ee728b)  -> (artifact id: '47030c8936098a0a878dc26865291a5b') in 0.086037 seconds 
========================================================================
Received Import Request.
  Time since last request: 47.056193 seconds.
  path: Assets/Prefabs/Player.prefab
  artifactKey: Guid(1b913c852e495fe41ada20e8ea273597) Importer(815301076,1909f56bfc062723c751e8b465ee728b)
Start importing Assets/Prefabs/Player.prefab using Guid(1b913c852e495fe41ada20e8ea273597) Importer(815301076,1909f56bfc062723c751e8b465ee728b)  -> (artifact id: 'cc1d23eee2e4e0f53a407853c4db2433') in 0.068955 seconds 
========================================================================
Received Import Request.
  Time since last request: 2.023064 seconds.
  path: Assets/Prefabs/Player Rig.prefab
  artifactKey: Guid(f776047df9126c5409665f658f492347) Importer(815301076,1909f56bfc062723c751e8b465ee728b)
Start importing Assets/Prefabs/Player Rig.prefab using Guid(f776047df9126c5409665f658f492347) Importer(815301076,1909f56bfc062723c751e8b465ee728b)  -> (artifact id: '6af33e9b8c417d121e8b071aec99b55e') in 0.036347 seconds 
========================================================================
Received Import Request.
  Time since last request: 4.405079 seconds.
  path: Assets/Prefabs/Laser Gun.prefab
  artifactKey: Guid(1454516ab476a4e45a00cff6c3041d29) Importer(815301076,1909f56bfc062723c751e8b465ee728b)
Start importing Assets/Prefabs/Laser Gun.prefab using Guid(1454516ab476a4e45a00cff6c3041d29) Importer(815301076,1909f56bfc062723c751e8b465ee728b)  -> (artifact id: '45da4cc5d3dd2140e16820038f3092e8') in 0.022553 seconds 
========================================================================
Received Import Request.
  Time since last request: 463.740827 seconds.
  path: Assets/AssetPacks/Standard Assets/Environment/SpeedTree/Palm/Palm_Desktop Materials/LOD0/Branches_0.mat
  artifactKey: Guid(39baceec69bb1ee4fb4194d50e1a6d10) Importer(815301076,1909f56bfc062723c751e8b465ee728b)
Start importing Assets/AssetPacks/Standard Assets/Environment/SpeedTree/Palm/Palm_Desktop Materials/LOD0/Branches_0.mat using Guid(39baceec69bb1ee4fb4194d50e1a6d10) Importer(815301076,1909f56bfc062723c751e8b465ee728b)  -> (artifact id: 'e45f431cfe11bb16a634c9aee3536f22') in 0.024193 seconds 
========================================================================
Received Import Request.
  Time since last request: 0.000338 seconds.
  path: Assets/AssetPacks/Standard Assets/Environment/SpeedTree/Conifer/Conifer_Desktop Materials/LOD2/Branches_0.mat
  artifactKey: Guid(dffa6c1325fd30b41819f03be58b91e7) Importer(815301076,1909f56bfc062723c751e8b465ee728b)
Start importing Assets/AssetPacks/Standard Assets/Environment/SpeedTree/Conifer/Conifer_Desktop Materials/LOD2/Branches_0.mat using Guid(dffa6c1325fd30b41819f03be58b91e7) Importer(815301076,1909f56bfc062723c751e8b465ee728b)  -> (artifact id: '58db0bf18c7ba7b4ef15741ac21ad027') in 0.090820 seconds 
========================================================================
Received Import Request.
  Time since last request: 0.000432 seconds.
  path: Assets/AssetPacks/Standard Assets/Environment/SpeedTree/Broadleaf/Broadleaf_Mobile Materials/LOD1/Branches_0.mat
  artifactKey: Guid(1092dd21af768cb499771bf88709dbbd) Importer(815301076,1909f56bfc062723c751e8b465ee728b)
Start importing Assets/AssetPacks/Standard Assets/Environment/SpeedTree/Broadleaf/Broadleaf_Mobile Materials/LOD1/Branches_0.mat using Guid(1092dd21af768cb499771bf88709dbbd) Importer(815301076,1909f56bfc062723c751e8b465ee728b)  -> (artifact id: '6d83860f492c210f86a41f5efe2b0c82') in 0.045202 seconds 
========================================================================
Received Import Request.
  Time since last request: 0.000295 seconds.
  path: Assets/AssetPacks/Standard Assets/Environment/SpeedTree/Broadleaf/Broadleaf_Desktop Materials/LOD0/Branches_0.mat
  artifactKey: Guid(89bc4a04979629642988a379a429608a) Importer(815301076,1909f56bfc062723c751e8b465ee728b)
Start importing Assets/AssetPacks/Standard Assets/Environment/SpeedTree/Broadleaf/Broadleaf_Desktop Materials/LOD0/Branches_0.mat using Guid(89bc4a04979629642988a379a429608a) Importer(815301076,1909f56bfc062723c751e8b465ee728b)  -> (artifact id: '1197282d4f0848c289f934b2a35371f9') in 0.020773 seconds 
========================================================================
Received Import Request.
  Time since last request: 0.000359 seconds.
  path: Assets/AssetPacks/Standard Assets/Environment/SpeedTree/Palm/Palm_Desktop Materials/LOD1/Branches_0.mat
  artifactKey: Guid(46160e8fc1456bc4d9fb3de64ba88c31) Importer(815301076,1909f56bfc062723c751e8b465ee728b)
Start importing Assets/AssetPacks/Standard Assets/Environment/SpeedTree/Palm/Palm_Desktop Materials/LOD1/Branches_0.mat using Guid(46160e8fc1456bc4d9fb3de64ba88c31) Importer(815301076,1909f56bfc062723c751e8b465ee728b)  -> (artifact id: '4d4462c4038c91142030b979f2b5346e') in 0.019214 seconds 
========================================================================
Received Import Request.
  Time since last request: 0.000271 seconds.
  path: Assets/AssetPacks/Standard Assets/Environment/SpeedTree/Palm/Palm_Desktop Materials/LOD0/Branches_1.mat
  artifactKey: Guid(fa40ba727cdc90245aac11f0ff5ead8e) Importer(815301076,1909f56bfc062723c751e8b465ee728b)
Start importing Assets/AssetPacks/Standard Assets/Environment/SpeedTree/Palm/Palm_Desktop Materials/LOD0/Branches_1.mat using Guid(fa40ba727cdc90245aac11f0ff5ead8e) Importer(815301076,1909f56bfc062723c751e8b465ee728b)  -> (artifact id: '18933bea8be805ffe592683edb7b8f06') in 0.019147 seconds 
========================================================================
Received Import Request.
  Time since last request: 0.000354 seconds.
  path: Assets/AssetPacks/Standard Assets/Environment/SpeedTree/Conifer/Conifer_Desktop Materials/LOD2/Branches_1.mat
  artifactKey: Guid(57df284b8a7c87b4894ac5f9c86e0be9) Importer(815301076,1909f56bfc062723c751e8b465ee728b)
Start importing Assets/AssetPacks/Standard Assets/Environment/SpeedTree/Conifer/Conifer_Desktop Materials/LOD2/Branches_1.mat using Guid(57df284b8a7c87b4894ac5f9c86e0be9) Importer(815301076,1909f56bfc062723c751e8b465ee728b)  -> (artifact id: '069cf5596e87200c73afb62045229a30') in 0.027718 seconds 
========================================================================
Received Import Request.
  Time since last request: 0.000370 seconds.
  path: Assets/AssetPacks/Standard Assets/Environment/SpeedTree/Broadleaf/Broadleaf_Desktop Materials/LOD1/Branches_0.mat
  artifactKey: Guid(4be5b19d42487c24f830c4ee36849a95) Importer(815301076,1909f56bfc062723c751e8b465ee728b)
Start importing Assets/AssetPacks/Standard Assets/Environment/SpeedTree/Broadleaf/Broadleaf_Desktop Materials/LOD1/Branches_0.mat using Guid(4be5b19d42487c24f830c4ee36849a95) Importer(815301076,1909f56bfc062723c751e8b465ee728b)  -> (artifact id: '2ede4b00524a97f73df27fc355c73831') in 0.019481 seconds 
========================================================================
Received Import Request.
  Time since last request: 0.000347 seconds.
  path: Assets/AssetPacks/Standard Assets/Environment/SpeedTree/Conifer/Conifer_Desktop Materials/LOD0/Branches_0.mat
  artifactKey: Guid(d4880c932a8e12b48a3039233e9634a0) Importer(815301076,1909f56bfc062723c751e8b465ee728b)
Start importing Assets/AssetPacks/Standard Assets/Environment/SpeedTree/Conifer/Conifer_Desktop Materials/LOD0/Branches_0.mat using Guid(d4880c932a8e12b48a3039233e9634a0) Importer(815301076,1909f56bfc062723c751e8b465ee728b)  -> (artifact id: 'eacdc4bd62334ba2ac1d32f020e2dfb2') in 0.026855 seconds 
========================================================================
Received Import Request.
  Time since last request: 0.000289 seconds.
  path: Assets/AssetPacks/Standard Assets/Environment/SpeedTree/Conifer/Conifer_Desktop Materials/LOD1/Branches_0.mat
  artifactKey: Guid(54ee8e39b634b6d45aae528b6b24e879) Importer(815301076,1909f56bfc062723c751e8b465ee728b)
Start importing Assets/AssetPacks/Standard Assets/Environment/SpeedTree/Conifer/Conifer_Desktop Materials/LOD1/Branches_0.mat using Guid(54ee8e39b634b6d45aae528b6b24e879) Importer(815301076,1909f56bfc062723c751e8b465ee728b)  -> (artifact id: 'c702bff75a9256a19ef06b7976d14cf2') in 0.027286 seconds 
========================================================================
Received Import Request.
  Time since last request: 0.000383 seconds.
  path: Assets/AssetPacks/Standard Assets/Environment/SpeedTree/Broadleaf/Broadleaf_Mobile Materials/LOD0/Branches_0.mat
  artifactKey: Guid(bfc1dabf45016eb46b99df1a78054924) Importer(815301076,1909f56bfc062723c751e8b465ee728b)
Start importing Assets/AssetPacks/Standard Assets/Environment/SpeedTree/Broadleaf/Broadleaf_Mobile Materials/LOD0/Branches_0.mat using Guid(bfc1dabf45016eb46b99df1a78054924) Importer(815301076,1909f56bfc062723c751e8b465ee728b)  -> (artifact id: 'cbfd927b5042f02b312c0a961fcd2698') in 0.020923 seconds 
========================================================================
Received Import Request.
  Time since last request: 0.000440 seconds.
  path: Assets/AssetPacks/Standard Assets/Environment/SpeedTree/Broadleaf/Broadleaf_Desktop Materials/LOD2/Branches_0.mat
  artifactKey: Guid(b0d5705176a0d36419d034e2ea46491a) Importer(815301076,1909f56bfc062723c751e8b465ee728b)
Start importing Assets/AssetPacks/Standard Assets/Environment/SpeedTree/Broadleaf/Broadleaf_Desktop Materials/LOD2/Branches_0.mat using Guid(b0d5705176a0d36419d034e2ea46491a) Importer(815301076,1909f56bfc062723c751e8b465ee728b)  -> (artifact id: '67b86ad09a7d142b2a6b46b99b22e9bb') in 0.019390 seconds 
========================================================================
Received Import Request.
  Time since last request: 0.000379 seconds.
  path: Assets/AssetPacks/Standard Assets/Environment/SpeedTree/Conifer/Conifer_Desktop Materials/LOD1/Branches_1.mat
  artifactKey: Guid(fecc9f713338e4943a8c38775af8c046) Importer(815301076,1909f56bfc062723c751e8b465ee728b)
Start importing Assets/AssetPacks/Standard Assets/Environment/SpeedTree/Conifer/Conifer_Desktop Materials/LOD1/Branches_1.mat using Guid(fecc9f713338e4943a8c38775af8c046) Importer(815301076,1909f56bfc062723c751e8b465ee728b)  -> (artifact id: '001e9fa4bb96fe5ee5f0bf2b534fcab1') in 0.019291 seconds 
========================================================================
Received Import Request.
  Time since last request: 0.000464 seconds.
  path: Assets/AssetPacks/Standard Assets/Environment/SpeedTree/Broadleaf/Broadleaf_Mobile Materials/LOD2/Branches_0.mat
  artifactKey: Guid(cd764ab8662bea6468202df8741bcfd3) Importer(815301076,1909f56bfc062723c751e8b465ee728b)
Start importing Assets/AssetPacks/Standard Assets/Environment/SpeedTree/Broadleaf/Broadleaf_Mobile Materials/LOD2/Branches_0.mat using Guid(cd764ab8662bea6468202df8741bcfd3) Importer(815301076,1909f56bfc062723c751e8b465ee728b)  -> (artifact id: 'dd471df536167b2fefc5221c7fd65e27') in 0.021623 seconds 
========================================================================
Received Import Request.
  Time since last request: 0.000386 seconds.
  path: Assets/AssetPacks/Standard Assets/Environment/SpeedTree/Broadleaf/Broadleaf_Desktop Materials/LOD1/Branches_1.mat
  artifactKey: Guid(97ad51f0a4aed0a4289f5462ce6dc18f) Importer(815301076,1909f56bfc062723c751e8b465ee728b)
Start importing Assets/AssetPacks/Standard Assets/Environment/SpeedTree/Broadleaf/Broadleaf_Desktop Materials/LOD1/Branches_1.mat using Guid(97ad51f0a4aed0a4289f5462ce6dc18f) Importer(815301076,1909f56bfc062723c751e8b465ee728b)  -> (artifact id: 'f79769637b9adeb89d21eda7e115e2dd') in 0.020891 seconds 
========================================================================
Received Import Request.
  Time since last request: 0.000340 seconds.
  path: Assets/AssetPacks/Standard Assets/Environment/SpeedTree/Conifer/Conifer_Desktop Materials/LOD0/Branches_1.mat
  artifactKey: Guid(fdb77c3917027234db7a7792019eda2e) Importer(815301076,1909f56bfc062723c751e8b465ee728b)
Start importing Assets/AssetPacks/Standard Assets/Environment/SpeedTree/Conifer/Conifer_Desktop Materials/LOD0/Branches_1.mat using Guid(fdb77c3917027234db7a7792019eda2e) Importer(815301076,1909f56bfc062723c751e8b465ee728b)  -> (artifact id: '760de39cc3577640ddda3371f253f68a') in 0.019821 seconds 
========================================================================
Received Import Request.
  Time since last request: 36.713616 seconds.
  path: Assets/Prefabs/Laser Gun.prefab
  artifactKey: Guid(1454516ab476a4e45a00cff6c3041d29) Importer(815301076,1909f56bfc062723c751e8b465ee728b)
Start importing Assets/Prefabs/Laser Gun.prefab using Guid(1454516ab476a4e45a00cff6c3041d29) Importer(815301076,1909f56bfc062723c751e8b465ee728b)  -> (artifact id: '2d47e045a313ebbecad8494a4ad3e4bd') in 0.007251 seconds 
========================================================================
Received Import Request.
  Time since last request: 65.615820 seconds.
  path: Assets/Prefabs/Laser Gun.prefab
  artifactKey: Guid(1454516ab476a4e45a00cff6c3041d29) Importer(815301076,1909f56bfc062723c751e8b465ee728b)
Start importing Assets/Prefabs/Laser Gun.prefab using Guid(1454516ab476a4e45a00cff6c3041d29) Importer(815301076,1909f56bfc062723c751e8b465ee728b)  -> (artifact id: '0c0b20ca523a53ef446cd5011e0a9f5e') in 0.006321 seconds 
========================================================================
Received Import Request.
  Time since last request: 9.012814 seconds.
  path: Assets/Prefabs/Laser Gun.prefab
  artifactKey: Guid(1454516ab476a4e45a00cff6c3041d29) Importer(815301076,1909f56bfc062723c751e8b465ee728b)
Start importing Assets/Prefabs/Laser Gun.prefab using Guid(1454516ab476a4e45a00cff6c3041d29) Importer(815301076,1909f56bfc062723c751e8b465ee728b)  -> (artifact id: '10455940a37f049992745007a24cf927') in 0.005880 seconds 
========================================================================
Received Import Request.
  Time since last request: 8.916741 seconds.
  path: Assets/Prefabs/Laser Gun.prefab
  artifactKey: Guid(1454516ab476a4e45a00cff6c3041d29) Importer(815301076,1909f56bfc062723c751e8b465ee728b)
Start importing Assets/Prefabs/Laser Gun.prefab using Guid(1454516ab476a4e45a00cff6c3041d29) Importer(815301076,1909f56bfc062723c751e8b465ee728b)  -> (artifact id: 'edeb26dbb86b22085a55b25b3d5348ae') in 0.006278 seconds 
========================================================================
Received Import Request.
  Time since last request: 8.319567 seconds.
  path: Assets/Prefabs/Laser Gun.prefab
  artifactKey: Guid(1454516ab476a4e45a00cff6c3041d29) Importer(815301076,1909f56bfc062723c751e8b465ee728b)
Start importing Assets/Prefabs/Laser Gun.prefab using Guid(1454516ab476a4e45a00cff6c3041d29) Importer(815301076,1909f56bfc062723c751e8b465ee728b)  -> (artifact id: 'e0df69a14a1d869f569d238885f026b4') in 0.005939 seconds 
========================================================================
Received Import Request.
  Time since last request: 26.959339 seconds.
  path: Assets/Prefabs/Player Rig.prefab
  artifactKey: Guid(f776047df9126c5409665f658f492347) Importer(815301076,1909f56bfc062723c751e8b465ee728b)
Start importing Assets/Prefabs/Player Rig.prefab using Guid(f776047df9126c5409665f658f492347) Importer(815301076,1909f56bfc062723c751e8b465ee728b)  -> (artifact id: 'bce4dd7b9aa6d7375296269673a87677') in 0.046952 seconds 
========================================================================
Received Import Request.
  Time since last request: 4.732838 seconds.
  path: Assets/Prefabs/Player Rig.prefab
  artifactKey: Guid(f776047df9126c5409665f658f492347) Importer(815301076,1909f56bfc062723c751e8b465ee728b)
Start importing Assets/Prefabs/Player Rig.prefab using Guid(f776047df9126c5409665f658f492347) Importer(815301076,1909f56bfc062723c751e8b465ee728b)  -> (artifact id: 'e10e28627aac1bc596e08ce536dc779b') in 0.032931 seconds 
========================================================================
Received Import Request.
  Time since last request: 20.119731 seconds.
  path: Assets/Prefabs/Player Rig.prefab
  artifactKey: Guid(f776047df9126c5409665f658f492347) Importer(815301076,1909f56bfc062723c751e8b465ee728b)
Start importing Assets/Prefabs/Player Rig.prefab using Guid(f776047df9126c5409665f658f492347) Importer(815301076,1909f56bfc062723c751e8b465ee728b)  -> (artifact id: '247f2a88d8167417675c547ba77b01af') in 0.030485 seconds 
========================================================================
Received Import Request.
  Time since last request: 13.982897 seconds.
  path: Assets/Prefabs/Player Rig.prefab
  artifactKey: Guid(f776047df9126c5409665f658f492347) Importer(815301076,1909f56bfc062723c751e8b465ee728b)
Start importing Assets/Prefabs/Player Rig.prefab using Guid(f776047df9126c5409665f658f492347) Importer(815301076,1909f56bfc062723c751e8b465ee728b)  -> (artifact id: '42e09da4e1b606f1fcb02b7391b39015') in 0.040345 seconds 
========================================================================
Received Import Request.
  Time since last request: 163.914461 seconds.
  path: Assets/Prefabs/Player Rig.prefab
  artifactKey: Guid(f776047df9126c5409665f658f492347) Importer(815301076,1909f56bfc062723c751e8b465ee728b)
Start importing Assets/Prefabs/Player Rig.prefab using Guid(f776047df9126c5409665f658f492347) Importer(815301076,1909f56bfc062723c751e8b465ee728b)  -> (artifact id: '8fc3d1714bd45a5abe9e23e97ac34d1c') in 0.042309 seconds 
========================================================================
Received Import Request.
  Time since last request: 5.145716 seconds.
  path: Assets/Prefabs/Player Rig.prefab
  artifactKey: Guid(f776047df9126c5409665f658f492347) Importer(815301076,1909f56bfc062723c751e8b465ee728b)
Start importing Assets/Prefabs/Player Rig.prefab using Guid(f776047df9126c5409665f658f492347) Importer(815301076,1909f56bfc062723c751e8b465ee728b)  -> (artifact id: 'a01b712cddf6b47a8fbadb06713057e9') in 0.030648 seconds 
========================================================================
Received Import Request.
  Time since last request: 8.178108 seconds.
  path: Assets/Prefabs/Player Rig.prefab
  artifactKey: Guid(f776047df9126c5409665f658f492347) Importer(815301076,1909f56bfc062723c751e8b465ee728b)
Start importing Assets/Prefabs/Player Rig.prefab using Guid(f776047df9126c5409665f658f492347) Importer(815301076,1909f56bfc062723c751e8b465ee728b)  -> (artifact id: 'ba107af8f70ccd4251cce177634484f6') in 0.029020 seconds 
========================================================================
Received Import Request.
  Time since last request: 2.419588 seconds.
  path: Assets/Prefabs/Player Rig.prefab
  artifactKey: Guid(f776047df9126c5409665f658f492347) Importer(815301076,1909f56bfc062723c751e8b465ee728b)
Start importing Assets/Prefabs/Player Rig.prefab using Guid(f776047df9126c5409665f658f492347) Importer(815301076,1909f56bfc062723c751e8b465ee728b)  -> (artifact id: '92533df7c803dc78e85ef43202d34d7c') in 0.028029 seconds 
========================================================================
Received Import Request.
  Time since last request: 4.112517 seconds.
  path: Assets/Prefabs/Player Rig.prefab
  artifactKey: Guid(f776047df9126c5409665f658f492347) Importer(815301076,1909f56bfc062723c751e8b465ee728b)
Start importing Assets/Prefabs/Player Rig.prefab using Guid(f776047df9126c5409665f658f492347) Importer(815301076,1909f56bfc062723c751e8b465ee728b)  -> (artifact id: 'ad9fc0d4a34e26e6a9621aa4d4977cf3') in 0.038968 seconds 
========================================================================
Received Import Request.
  Time since last request: 6.437004 seconds.
  path: Assets/Prefabs/Player Rig.prefab
  artifactKey: Guid(f776047df9126c5409665f658f492347) Importer(815301076,1909f56bfc062723c751e8b465ee728b)
Start importing Assets/Prefabs/Player Rig.prefab using Guid(f776047df9126c5409665f658f492347) Importer(815301076,1909f56bfc062723c751e8b465ee728b)  -> (artifact id: 'ce7013c11cc0ac978c92c8d4bda76adb') in 0.029439 seconds 
========================================================================
Received Import Request.
  Time since last request: 3.328368 seconds.
  path: Assets/Prefabs/Player Rig.prefab
  artifactKey: Guid(f776047df9126c5409665f658f492347) Importer(815301076,1909f56bfc062723c751e8b465ee728b)
Start importing Assets/Prefabs/Player Rig.prefab using Guid(f776047df9126c5409665f658f492347) Importer(815301076,1909f56bfc062723c751e8b465ee728b)  -> (artifact id: 'afe5f7e1b1a6bbc98af90f2e08c55cb0') in 0.029292 seconds 
========================================================================
Received Import Request.
  Time since last request: 22.291079 seconds.
  path: Assets/Prefabs/Player Rig.prefab
  artifactKey: Guid(f776047df9126c5409665f658f492347) Importer(815301076,1909f56bfc062723c751e8b465ee728b)
Start importing Assets/Prefabs/Player Rig.prefab using Guid(f776047df9126c5409665f658f492347) Importer(815301076,1909f56bfc062723c751e8b465ee728b)  -> (artifact id: '25cdcf271086288e184f2eec09313200') in 0.030245 seconds 
========================================================================
Received Import Request.
  Time since last request: 17.561609 seconds.
  path: Assets/Prefabs/Player Rig.prefab
  artifactKey: Guid(f776047df9126c5409665f658f492347) Importer(815301076,1909f56bfc062723c751e8b465ee728b)
Start importing Assets/Prefabs/Player Rig.prefab using Guid(f776047df9126c5409665f658f492347) Importer(815301076,1909f56bfc062723c751e8b465ee728b)  -> (artifact id: '321224757d6c39cce46f896e45a0353c') in 0.042172 seconds 
========================================================================
Received Import Request.
  Time since last request: 8.011939 seconds.
  path: Assets/Prefabs/Player Rig.prefab
  artifactKey: Guid(f776047df9126c5409665f658f492347) Importer(815301076,1909f56bfc062723c751e8b465ee728b)
Start importing Assets/Prefabs/Player Rig.prefab using Guid(f776047df9126c5409665f658f492347) Importer(815301076,1909f56bfc062723c751e8b465ee728b)  -> (artifact id: '34830652aa026d8e40a9069bbcbf0ba4') in 0.037623 seconds 
========================================================================
Received Import Request.
  Time since last request: 6.313489 seconds.
  path: Assets/Prefabs/Player Rig.prefab
  artifactKey: Guid(f776047df9126c5409665f658f492347) Importer(815301076,1909f56bfc062723c751e8b465ee728b)
Start importing Assets/Prefabs/Player Rig.prefab using Guid(f776047df9126c5409665f658f492347) Importer(815301076,1909f56bfc062723c751e8b465ee728b)  -> (artifact id: '161c72266c4fcb5b2feed9704c2f6989') in 0.028253 seconds 
========================================================================
Received Import Request.
  Time since last request: 3.050564 seconds.
  path: Assets/Prefabs/Player Rig.prefab
  artifactKey: Guid(f776047df9126c5409665f658f492347) Importer(815301076,1909f56bfc062723c751e8b465ee728b)
Start importing Assets/Prefabs/Player Rig.prefab using Guid(f776047df9126c5409665f658f492347) Importer(815301076,1909f56bfc062723c751e8b465ee728b)  -> (artifact id: '9252a70a200b04e6ad1fa27c86a3499f') in 0.027326 seconds 
========================================================================
Received Import Request.
  Time since last request: 7.189153 seconds.
  path: Assets/Prefabs/Player Rig.prefab
  artifactKey: Guid(f776047df9126c5409665f658f492347) Importer(815301076,1909f56bfc062723c751e8b465ee728b)
Start importing Assets/Prefabs/Player Rig.prefab using Guid(f776047df9126c5409665f658f492347) Importer(815301076,1909f56bfc062723c751e8b465ee728b)  -> (artifact id: '859335f97acfd66d1c19adbb7c3f5f09') in 0.042810 seconds 
========================================================================
Received Import Request.
  Time since last request: 5.114327 seconds.
  path: Assets/Prefabs/Player Rig.prefab
  artifactKey: Guid(f776047df9126c5409665f658f492347) Importer(815301076,1909f56bfc062723c751e8b465ee728b)
Start importing Assets/Prefabs/Player Rig.prefab using Guid(f776047df9126c5409665f658f492347) Importer(815301076,1909f56bfc062723c751e8b465ee728b)  -> (artifact id: '7f61430fd096bdb4de9026fbcc8f56df') in 0.029196 seconds 
========================================================================
Received Import Request.
  Time since last request: 11.596230 seconds.
  path: Assets/Prefabs/Player Rig.prefab
  artifactKey: Guid(f776047df9126c5409665f658f492347) Importer(815301076,1909f56bfc062723c751e8b465ee728b)
Start importing Assets/Prefabs/Player Rig.prefab using Guid(f776047df9126c5409665f658f492347) Importer(815301076,1909f56bfc062723c751e8b465ee728b)  -> (artifact id: 'aae1f1b79413915406f5ab506759bbbf') in 0.029197 seconds 
========================================================================
Received Import Request.
  Time since last request: 156.927288 seconds.
  path: Assets/Prefabs/Player Rig.prefab
  artifactKey: Guid(f776047df9126c5409665f658f492347) Importer(815301076,1909f56bfc062723c751e8b465ee728b)
Start importing Assets/Prefabs/Player Rig.prefab using Guid(f776047df9126c5409665f658f492347) Importer(815301076,1909f56bfc062723c751e8b465ee728b)  -> (artifact id: 'e489c64df2bc369377037468e0cf72b6') in 0.032574 seconds 
========================================================================
Received Import Request.
  Time since last request: 17.056769 seconds.
  path: Assets/Prefabs/Player Rig.prefab
  artifactKey: Guid(f776047df9126c5409665f658f492347) Importer(815301076,1909f56bfc062723c751e8b465ee728b)
Start importing Assets/Prefabs/Player Rig.prefab using Guid(f776047df9126c5409665f658f492347) Importer(815301076,1909f56bfc062723c751e8b465ee728b)  -> (artifact id: '649bdd1ecd9af36250b7bac4aa14c7ce') in 0.043055 seconds 
========================================================================
Received Import Request.
  Time since last request: 2.842801 seconds.
  path: Assets/Prefabs/Player Rig.prefab
  artifactKey: Guid(f776047df9126c5409665f658f492347) Importer(815301076,1909f56bfc062723c751e8b465ee728b)
Start importing Assets/Prefabs/Player Rig.prefab using Guid(f776047df9126c5409665f658f492347) Importer(815301076,1909f56bfc062723c751e8b465ee728b)  -> (artifact id: '8bdf425bcbee28fbe3bbcecf7917f707') in 0.031154 seconds 
========================================================================
Received Import Request.
  Time since last request: 9.964210 seconds.
  path: Assets/Prefabs/Player Rig.prefab
  artifactKey: Guid(f776047df9126c5409665f658f492347) Importer(815301076,1909f56bfc062723c751e8b465ee728b)
Start importing Assets/Prefabs/Player Rig.prefab using Guid(f776047df9126c5409665f658f492347) Importer(815301076,1909f56bfc062723c751e8b465ee728b)  -> (artifact id: 'f54861baa48a13751b58151738e7a1fe') in 0.029023 seconds 
========================================================================
Received Import Request.
  Time since last request: 24.197617 seconds.
  path: Assets/Prefabs/Player Rig.prefab
  artifactKey: Guid(f776047df9126c5409665f658f492347) Importer(815301076,1909f56bfc062723c751e8b465ee728b)
Start importing Assets/Prefabs/Player Rig.prefab using Guid(f776047df9126c5409665f658f492347) Importer(815301076,1909f56bfc062723c751e8b465ee728b)  -> (artifact id: '9428d423c169081e121b56907e7873dd') in 0.032296 seconds 
========================================================================
Received Import Request.
  Time since last request: 10.255067 seconds.
  path: Assets/Prefabs/Player Rig.prefab
  artifactKey: Guid(f776047df9126c5409665f658f492347) Importer(815301076,1909f56bfc062723c751e8b465ee728b)
Start importing Assets/Prefabs/Player Rig.prefab using Guid(f776047df9126c5409665f658f492347) Importer(815301076,1909f56bfc062723c751e8b465ee728b)  -> (artifact id: '202d3e92fe5bb884967dcb4d5c305663') in 0.036662 seconds 
========================================================================
Received Import Request.
  Time since last request: 42.345143 seconds.
  path: Assets/Prefabs/Player Rig.prefab
  artifactKey: Guid(f776047df9126c5409665f658f492347) Importer(815301076,1909f56bfc062723c751e8b465ee728b)
Start importing Assets/Prefabs/Player Rig.prefab using Guid(f776047df9126c5409665f658f492347) Importer(815301076,1909f56bfc062723c751e8b465ee728b)  -> (artifact id: 'c97e2df1917fa70c57c229e24d0ec741') in 0.030706 seconds 
========================================================================
Received Import Request.
  Time since last request: 13.636006 seconds.
  path: Assets/Prefabs/Player Rig.prefab
  artifactKey: Guid(f776047df9126c5409665f658f492347) Importer(815301076,1909f56bfc062723c751e8b465ee728b)
Start importing Assets/Prefabs/Player Rig.prefab using Guid(f776047df9126c5409665f658f492347) Importer(815301076,1909f56bfc062723c751e8b465ee728b)  -> (artifact id: '75c861a1b348e11611dacf1a26ae4bda') in 0.030195 seconds 
========================================================================
Received Import Request.
  Time since last request: 2.024772 seconds.
  path: Assets/Prefabs/Player Rig.prefab
  artifactKey: Guid(f776047df9126c5409665f658f492347) Importer(815301076,1909f56bfc062723c751e8b465ee728b)
Start importing Assets/Prefabs/Player Rig.prefab using Guid(f776047df9126c5409665f658f492347) Importer(815301076,1909f56bfc062723c751e8b465ee728b)  -> (artifact id: '7adac65ee66afc847838a5e6b0bc36e9') in 0.029069 seconds 
========================================================================
Received Import Request.
  Time since last request: 5.034693 seconds.
  path: Assets/Prefabs/Player Rig.prefab
  artifactKey: Guid(f776047df9126c5409665f658f492347) Importer(815301076,1909f56bfc062723c751e8b465ee728b)
Start importing Assets/Prefabs/Player Rig.prefab using Guid(f776047df9126c5409665f658f492347) Importer(815301076,1909f56bfc062723c751e8b465ee728b)  -> (artifact id: '1c165ea4f259270b170123fec2dccbaf') in 0.046862 seconds 
========================================================================
Received Import Request.
  Time since last request: 36.171493 seconds.
  path: Assets/Prefabs/Player Rig.prefab
  artifactKey: Guid(f776047df9126c5409665f658f492347) Importer(815301076,1909f56bfc062723c751e8b465ee728b)
Start importing Assets/Prefabs/Player Rig.prefab using Guid(f776047df9126c5409665f658f492347) Importer(815301076,1909f56bfc062723c751e8b465ee728b)  -> (artifact id: '411de5bbbd1bc9fcf841b91ff9ea1ce3') in 0.030710 seconds 
========================================================================
Received Import Request.
  Time since last request: 22.442143 seconds.
  path: Assets/Prefabs/Player Rig.prefab
  artifactKey: Guid(f776047df9126c5409665f658f492347) Importer(815301076,1909f56bfc062723c751e8b465ee728b)
Start importing Assets/Prefabs/Player Rig.prefab using Guid(f776047df9126c5409665f658f492347) Importer(815301076,1909f56bfc062723c751e8b465ee728b)  -> (artifact id: '970cbdc49bec34b030c632862c8c1860') in 0.030653 seconds 
========================================================================
Received Prepare
Registering precompiled user dll's ...
Registered in 0.003699 seconds.
Begin MonoManager ReloadAssembly
Symbol file LoadedFromMemory doesn't match image D:\Unity\2021\4_Earth_Defend_2021\4_Earth_Defend_2021\Library\PackageCache\com.unity.visualscripting@1.6.1\Editor\VisualScripting.Core\Dependencies\YamlDotNet\Unity.VisualScripting.YamlDotNet.dll
Symbol file LoadedFromMemory doesn't match image D:\Unity\2021\4_Earth_Defend_2021\4_Earth_Defend_2021\Library\PackageCache\com.unity.visualscripting@1.6.1\Editor\VisualScripting.Core\Dependencies\DotNetZip\Unity.VisualScripting.IonicZip.dll
Native extension for WindowsStandalone target not found
Native extension for WebGL target not found
Refreshing native plugins compatible for Editor in 0.84 ms, found 1 plugins.
Preloading 0 native plugins for Editor in 0.00 ms.
Mono: successfully reloaded assembly
- Completed reload, in  1.830 seconds
Platform modules already initialized, skipping
Refreshing native plugins compatible for Editor in 0.76 ms, found 1 plugins.
Preloading 0 native plugins for Editor in 0.00 ms.
Unloading 2677 Unused Serialized files (Serialized files now loaded: 0)
System memory in use before: 124.1 MB.
System memory in use after: 124.3 MB.

Unloading 9 unused Assets to reduce memory usage. Loaded Objects now: 3272.
Total: 3.498800 ms (FindLiveObjects: 0.343700 ms CreateObjectMapping: 0.247300 ms MarkObjects: 2.785800 ms  DeleteObjects: 0.120300 ms)

========================================================================
Received Prepare
Registering precompiled user dll's ...
Registered in 0.003751 seconds.
Begin MonoManager ReloadAssembly
Symbol file LoadedFromMemory doesn't match image D:\Unity\2021\4_Earth_Defend_2021\4_Earth_Defend_2021\Library\PackageCache\com.unity.visualscripting@1.6.1\Editor\VisualScripting.Core\Dependencies\YamlDotNet\Unity.VisualScripting.YamlDotNet.dll
Symbol file LoadedFromMemory doesn't match image D:\Unity\2021\4_Earth_Defend_2021\4_Earth_Defend_2021\Library\PackageCache\com.unity.visualscripting@1.6.1\Editor\VisualScripting.Core\Dependencies\DotNetZip\Unity.VisualScripting.IonicZip.dll
Native extension for WindowsStandalone target not found
Native extension for WebGL target not found
Refreshing native plugins compatible for Editor in 0.79 ms, found 1 plugins.
Preloading 0 native plugins for Editor in 0.00 ms.
Mono: successfully reloaded assembly
- Completed reload, in  1.839 seconds
Platform modules already initialized, skipping
Refreshing native plugins compatible for Editor in 0.83 ms, found 1 plugins.
Preloading 0 native plugins for Editor in 0.00 ms.
Unloading 2673 Unused Serialized files (Serialized files now loaded: 0)
System memory in use before: 124.0 MB.
System memory in use after: 124.2 MB.

Unloading 9 unused Assets to reduce memory usage. Loaded Objects now: 3275.
Total: 3.680400 ms (FindLiveObjects: 0.355000 ms CreateObjectMapping: 0.233400 ms MarkObjects: 2.961900 ms  DeleteObjects: 0.128200 ms)

========================================================================
Received Prepare
Registering precompiled user dll's ...
Registered in 0.003590 seconds.
Begin MonoManager ReloadAssembly
Symbol file LoadedFromMemory doesn't match image D:\Unity\2021\4_Earth_Defend_2021\4_Earth_Defend_2021\Library\PackageCache\com.unity.visualscripting@1.6.1\Editor\VisualScripting.Core\Dependencies\YamlDotNet\Unity.VisualScripting.YamlDotNet.dll
Symbol file LoadedFromMemory doesn't match image D:\Unity\2021\4_Earth_Defend_2021\4_Earth_Defend_2021\Library\PackageCache\com.unity.visualscripting@1.6.1\Editor\VisualScripting.Core\Dependencies\DotNetZip\Unity.VisualScripting.IonicZip.dll
Native extension for WindowsStandalone target not found
Native extension for WebGL target not found
Refreshing native plugins compatible for Editor in 0.90 ms, found 1 plugins.
Preloading 0 native plugins for Editor in 0.00 ms.
Mono: successfully reloaded assembly
- Completed reload, in  1.810 seconds
Platform modules already initialized, skipping
Refreshing native plugins compatible for Editor in 0.77 ms, found 1 plugins.
Preloading 0 native plugins for Editor in 0.00 ms.
Unloading 2673 Unused Serialized files (Serialized files now loaded: 0)
System memory in use before: 124.1 MB.
System memory in use after: 124.3 MB.

Unloading 9 unused Assets to reduce memory usage. Loaded Objects now: 3278.
Total: 4.644000 ms (FindLiveObjects: 0.387300 ms CreateObjectMapping: 0.271000 ms MarkObjects: 3.790900 ms  DeleteObjects: 0.192600 ms)

========================================================================
Received Import Request.
  Time since last request: 1003.951719 seconds.
  path: Assets/Prefabs/Laser Gun.prefab
  artifactKey: Guid(1454516ab476a4e45a00cff6c3041d29) Importer(815301076,1909f56bfc062723c751e8b465ee728b)
Start importing Assets/Prefabs/Laser Gun.prefab using Guid(1454516ab476a4e45a00cff6c3041d29) Importer(815301076,1909f56bfc062723c751e8b465ee728b)  -> (artifact id: '68e59871d09405d574ee3942ec4fb601') in 0.052360 seconds 
========================================================================
Received Import Request.
  Time since last request: 0.000361 seconds.
  path: Assets/Prefabs/Player Rig.prefab
  artifactKey: Guid(f776047df9126c5409665f658f492347) Importer(815301076,1909f56bfc062723c751e8b465ee728b)
Start importing Assets/Prefabs/Player Rig.prefab using Guid(f776047df9126c5409665f658f492347) Importer(815301076,1909f56bfc062723c751e8b465ee728b)  -> (artifact id: '793d1ab22adeb84e374866ca8b845698') in 0.078701 seconds 
========================================================================
Received Import Request.
  Time since last request: 4.894745 seconds.
  path: Assets/Prefabs/Laser Gun.prefab
  artifactKey: Guid(1454516ab476a4e45a00cff6c3041d29) Importer(815301076,1909f56bfc062723c751e8b465ee728b)
Start importing Assets/Prefabs/Laser Gun.prefab using Guid(1454516ab476a4e45a00cff6c3041d29) Importer(815301076,1909f56bfc062723c751e8b465ee728b)  -> (artifact id: '7123340f544e1d88d05df8714f293d70') in 0.006472 seconds 
========================================================================
Received Import Request.
  Time since last request: 0.000499 seconds.
  path: Assets/Prefabs/Player Rig.prefab
  artifactKey: Guid(f776047df9126c5409665f658f492347) Importer(815301076,1909f56bfc062723c751e8b465ee728b)
Start importing Assets/Prefabs/Player Rig.prefab using Guid(f776047df9126c5409665f658f492347) Importer(815301076,1909f56bfc062723c751e8b465ee728b)  -> (artifact id: '0bc21deb342b56d0907156e682ea813c') in 0.040968 seconds 
========================================================================
Received Import Request.
  Time since last request: 13.185617 seconds.
  path: Assets/Prefabs/Laser Gun.prefab
  artifactKey: Guid(1454516ab476a4e45a00cff6c3041d29) Importer(815301076,1909f56bfc062723c751e8b465ee728b)
Start importing Assets/Prefabs/Laser Gun.prefab using Guid(1454516ab476a4e45a00cff6c3041d29) Importer(815301076,1909f56bfc062723c751e8b465ee728b)  -> (artifact id: '5f0a5adc602b1d7723aac62db9c51649') in 0.006925 seconds 
========================================================================
Received Import Request.
  Time since last request: 0.000567 seconds.
  path: Assets/Prefabs/Player Rig.prefab
  artifactKey: Guid(f776047df9126c5409665f658f492347) Importer(815301076,1909f56bfc062723c751e8b465ee728b)
Start importing Assets/Prefabs/Player Rig.prefab using Guid(f776047df9126c5409665f658f492347) Importer(815301076,1909f56bfc062723c751e8b465ee728b)  -> (artifact id: '5d56b9f48506f32805b86326182f3f41') in 0.028436 seconds 
========================================================================
Received Import Request.
  Time since last request: 23.147073 seconds.
  path: Assets/Prefabs/Player Rig.prefab
  artifactKey: Guid(f776047df9126c5409665f658f492347) Importer(815301076,1909f56bfc062723c751e8b465ee728b)
Start importing Assets/Prefabs/Player Rig.prefab using Guid(f776047df9126c5409665f658f492347) Importer(815301076,1909f56bfc062723c751e8b465ee728b)  -> (artifact id: '6da98fe598395b797ef72ff0633f3486') in 0.037618 seconds 
========================================================================
Received Prepare
Registering precompiled user dll's ...
Registered in 0.003571 seconds.
Begin MonoManager ReloadAssembly
Symbol file LoadedFromMemory doesn't match image D:\Unity\2021\4_Earth_Defend_2021\4_Earth_Defend_2021\Library\PackageCache\com.unity.visualscripting@1.6.1\Editor\VisualScripting.Core\Dependencies\YamlDotNet\Unity.VisualScripting.YamlDotNet.dll
Symbol file LoadedFromMemory doesn't match image D:\Unity\2021\4_Earth_Defend_2021\4_Earth_Defend_2021\Library\PackageCache\com.unity.visualscripting@1.6.1\Editor\VisualScripting.Core\Dependencies\DotNetZip\Unity.VisualScripting.IonicZip.dll
Native extension for WindowsStandalone target not found
Native extension for WebGL target not found
Refreshing native plugins compatible for Editor in 0.79 ms, found 1 plugins.
Preloading 0 native plugins for Editor in 0.00 ms.
Mono: successfully reloaded assembly
- Completed reload, in  1.679 seconds
Platform modules already initialized, skipping
Refreshing native plugins compatible for Editor in 0.80 ms, found 1 plugins.
Preloading 0 native plugins for Editor in 0.00 ms.
Unloading 2673 Unused Serialized files (Serialized files now loaded: 0)
System memory in use before: 124.1 MB.
System memory in use after: 124.3 MB.

Unloading 9 unused Assets to reduce memory usage. Loaded Objects now: 3282.
Total: 3.492000 ms (FindLiveObjects: 0.355000 ms CreateObjectMapping: 0.223200 ms MarkObjects: 2.792700 ms  DeleteObjects: 0.119800 ms)

========================================================================
Received Prepare
Registering precompiled user dll's ...
Registered in 0.003553 seconds.
Begin MonoManager ReloadAssembly
Symbol file LoadedFromMemory doesn't match image D:\Unity\2021\4_Earth_Defend_2021\4_Earth_Defend_2021\Library\PackageCache\com.unity.visualscripting@1.6.1\Editor\VisualScripting.Core\Dependencies\YamlDotNet\Unity.VisualScripting.YamlDotNet.dll
Symbol file LoadedFromMemory doesn't match image D:\Unity\2021\4_Earth_Defend_2021\4_Earth_Defend_2021\Library\PackageCache\com.unity.visualscripting@1.6.1\Editor\VisualScripting.Core\Dependencies\DotNetZip\Unity.VisualScripting.IonicZip.dll
Native extension for WindowsStandalone target not found
Native extension for WebGL target not found
Refreshing native plugins compatible for Editor in 0.78 ms, found 1 plugins.
Preloading 0 native plugins for Editor in 0.00 ms.
Mono: successfully reloaded assembly
- Completed reload, in  1.769 seconds
Platform modules already initialized, skipping
Refreshing native plugins compatible for Editor in 0.77 ms, found 1 plugins.
Preloading 0 native plugins for Editor in 0.00 ms.
Unloading 2673 Unused Serialized files (Serialized files now loaded: 0)
System memory in use before: 124.1 MB.
System memory in use after: 124.3 MB.

Unloading 9 unused Assets to reduce memory usage. Loaded Objects now: 3285.
Total: 3.854500 ms (FindLiveObjects: 0.434600 ms CreateObjectMapping: 0.274400 ms MarkObjects: 3.002300 ms  DeleteObjects: 0.141800 ms)

========================================================================
Received Prepare
Registering precompiled user dll's ...
Registered in 0.004253 seconds.
Begin MonoManager ReloadAssembly
Symbol file LoadedFromMemory doesn't match image D:\Unity\2021\4_Earth_Defend_2021\4_Earth_Defend_2021\Library\PackageCache\com.unity.visualscripting@1.6.1\Editor\VisualScripting.Core\Dependencies\YamlDotNet\Unity.VisualScripting.YamlDotNet.dll
Symbol file LoadedFromMemory doesn't match image D:\Unity\2021\4_Earth_Defend_2021\4_Earth_Defend_2021\Library\PackageCache\com.unity.visualscripting@1.6.1\Editor\VisualScripting.Core\Dependencies\DotNetZip\Unity.VisualScripting.IonicZip.dll
Native extension for WindowsStandalone target not found
Native extension for WebGL target not found
Refreshing native plugins compatible for Editor in 0.79 ms, found 1 plugins.
Preloading 0 native plugins for Editor in 0.00 ms.
Mono: successfully reloaded assembly
- Completed reload, in  1.838 seconds
Platform modules already initialized, skipping
Refreshing native plugins compatible for Editor in 0.78 ms, found 1 plugins.
Preloading 0 native plugins for Editor in 0.00 ms.
Unloading 2673 Unused Serialized files (Serialized files now loaded: 0)
System memory in use before: 124.1 MB.
System memory in use after: 124.3 MB.

Unloading 9 unused Assets to reduce memory usage. Loaded Objects now: 3288.
Total: 4.135900 ms (FindLiveObjects: 0.371900 ms CreateObjectMapping: 0.246100 ms MarkObjects: 3.306500 ms  DeleteObjects: 0.209300 ms)

========================================================================
Received Import Request.
  Time since last request: 6723.626373 seconds.
  path: Assets/Particles/Particle Square 1.mat
  artifactKey: Guid(2cbfbbcf3e223344a83f96898c93ddc9) Importer(815301076,1909f56bfc062723c751e8b465ee728b)
Start importing Assets/Particles/Particle Square 1.mat using Guid(2cbfbbcf3e223344a83f96898c93ddc9) Importer(815301076,1909f56bfc062723c751e8b465ee728b)  -> (artifact id: '3de3cc495692eaea9dc6ef010c9dc843') in 0.130136 seconds 
========================================================================
Received Import Request.
  Time since last request: 395.234042 seconds.
  path: Assets/Prefabs/Laser Gun.prefab
  artifactKey: Guid(1454516ab476a4e45a00cff6c3041d29) Importer(815301076,1909f56bfc062723c751e8b465ee728b)
Start importing Assets/Prefabs/Laser Gun.prefab using Guid(1454516ab476a4e45a00cff6c3041d29) Importer(815301076,1909f56bfc062723c751e8b465ee728b)  -> (artifact id: '4abde58f9921c7c3c80918482c483eb8') in 0.023373 seconds 
========================================================================
Received Import Request.
  Time since last request: 0.000452 seconds.
  path: Assets/Prefabs/Player Rig.prefab
  artifactKey: Guid(f776047df9126c5409665f658f492347) Importer(815301076,1909f56bfc062723c751e8b465ee728b)
Start importing Assets/Prefabs/Player Rig.prefab using Guid(f776047df9126c5409665f658f492347) Importer(815301076,1909f56bfc062723c751e8b465ee728b)  -> (artifact id: 'e37331c66dcb002c5f4af49c3375d4f5') in 0.087706 seconds 
========================================================================
Received Import Request.
  Time since last request: 2300.086834 seconds.
  path: Assets/Prefabs/Player Rig.prefab
  artifactKey: Guid(f776047df9126c5409665f658f492347) Importer(815301076,1909f56bfc062723c751e8b465ee728b)
Start importing Assets/Prefabs/Player Rig.prefab using Guid(f776047df9126c5409665f658f492347) Importer(815301076,1909f56bfc062723c751e8b465ee728b)  -> (artifact id: 'c73f91a0803368dba4958f97f1392ca2') in 0.077784 seconds 
========================================================================
Received Import Request.
  Time since last request: 0.000349 seconds.
  path: Assets/Prefabs/Player.prefab
  artifactKey: Guid(1b913c852e495fe41ada20e8ea273597) Importer(815301076,1909f56bfc062723c751e8b465ee728b)
Start importing Assets/Prefabs/Player.prefab using Guid(1b913c852e495fe41ada20e8ea273597) Importer(815301076,1909f56bfc062723c751e8b465ee728b)  -> (artifact id: '8c6a50288ed92163913a9a8ecdc64cea') in 0.048607 seconds 
========================================================================
Received Import Request.
  Time since last request: 12.283437 seconds.
  path: Assets/Prefabs/Laser Gun.prefab
  artifactKey: Guid(1454516ab476a4e45a00cff6c3041d29) Importer(815301076,1909f56bfc062723c751e8b465ee728b)
Start importing Assets/Prefabs/Laser Gun.prefab using Guid(1454516ab476a4e45a00cff6c3041d29) Importer(815301076,1909f56bfc062723c751e8b465ee728b)  -> (artifact id: 'ee4d781dc157f517ecd7e3b1e6a2ee82') in 0.007033 seconds 
========================================================================
Received Import Request.
  Time since last request: 0.000462 seconds.
  path: Assets/Prefabs/Player.prefab
  artifactKey: Guid(1b913c852e495fe41ada20e8ea273597) Importer(815301076,1909f56bfc062723c751e8b465ee728b)
Start importing Assets/Prefabs/Player.prefab using Guid(1b913c852e495fe41ada20e8ea273597) Importer(815301076,1909f56bfc062723c751e8b465ee728b)  -> (artifact id: '5109cf174ba76878500bb6a5379b7d58') in 0.028010 seconds 
========================================================================
Received Import Request.
  Time since last request: 0.000346 seconds.
  path: Assets/Prefabs/Player Rig.prefab
  artifactKey: Guid(f776047df9126c5409665f658f492347) Importer(815301076,1909f56bfc062723c751e8b465ee728b)
Start importing Assets/Prefabs/Player Rig.prefab using Guid(f776047df9126c5409665f658f492347) Importer(815301076,1909f56bfc062723c751e8b465ee728b)  -> (artifact id: '1ed13e472bfcca19e91faa3358eae803') in 0.029916 seconds 
========================================================================
Received Import Request.
  Time since last request: 77.764015 seconds.
  path: Assets/Prefabs/Laser Gun.prefab
  artifactKey: Guid(1454516ab476a4e45a00cff6c3041d29) Importer(815301076,1909f56bfc062723c751e8b465ee728b)
Start importing Assets/Prefabs/Laser Gun.prefab using Guid(1454516ab476a4e45a00cff6c3041d29) Importer(815301076,1909f56bfc062723c751e8b465ee728b)  -> (artifact id: '9f2ae0169c83c0a5bffc8c46363d8e89') in 0.007058 seconds 
========================================================================
Received Import Request.
  Time since last request: 0.000368 seconds.
  path: Assets/Prefabs/Player.prefab
  artifactKey: Guid(1b913c852e495fe41ada20e8ea273597) Importer(815301076,1909f56bfc062723c751e8b465ee728b)
Start importing Assets/Prefabs/Player.prefab using Guid(1b913c852e495fe41ada20e8ea273597) Importer(815301076,1909f56bfc062723c751e8b465ee728b)  -> (artifact id: '0c548ad635a7e56287dba3a890aa415f') in 0.027635 seconds 
========================================================================
Received Import Request.
  Time since last request: 0.000349 seconds.
  path: Assets/Prefabs/Player Rig.prefab
  artifactKey: Guid(f776047df9126c5409665f658f492347) Importer(815301076,1909f56bfc062723c751e8b465ee728b)
Start importing Assets/Prefabs/Player Rig.prefab using Guid(f776047df9126c5409665f658f492347) Importer(815301076,1909f56bfc062723c751e8b465ee728b)  -> (artifact id: '41b997e531ca94ffb10835466331ca2d') in 0.028796 seconds 
AssetImportWorkerClient::OnTransportError - code=2 error=End of file
